[INFO] [2023-09-25 18:35:29]: 读取不同的设备编号成功！
[INFO] [2023-09-25 18:38:56]: 读取不同的设备编号成功！
[INFO] [2023-09-25 18:39:50]: 读取不同的设备编号成功！
[INFO] [2023-09-25 18:40:25]: 读取不同的设备编号成功！
[INFO] [2023-09-25 18:42:06]: 读取不同的设备编号成功！
[INFO] [2023-09-25 18:43:07]: 读取不同的设备编号成功！
[INFO] [2023-09-25 18:45:38]: 读取不同的设备编号成功！
[INFO] [2023-09-25 18:46:37]: 读取不同的设备编号成功！
[INFO] [2023-09-25 18:46:37]: 读取站点最新时间成功！
[INFO] [2023-09-25 18:46:38]: 读取站点最新时间成功！
[INFO] [2023-09-25 18:46:38]: 读取站点最新时间成功！
[INFO] [2023-09-25 18:46:39]: 读取站点最新时间成功！
[INFO] [2023-09-25 18:46:39]: 读取站点最新时间成功！
[INFO] [2023-09-25 18:46:39]: 读取站点最新时间成功！
[INFO] [2023-09-25 18:46:40]: 读取站点最新时间成功！
[INFO] [2023-09-25 18:46:40]: 读取站点最新时间成功！
[INFO] [2023-09-25 18:46:40]: 读取站点最新时间成功！
[INFO] [2023-09-25 18:46:40]: 读取站点最新时间成功！
[INFO] [2023-09-25 18:46:41]: 读取站点最新时间成功！
[INFO] [2023-09-25 18:46:41]: 读取站点最新时间成功！
[INFO] [2023-09-25 18:46:41]: 读取站点最新时间成功！
[INFO] [2023-09-25 18:46:41]: 读取站点最新时间成功！
[INFO] [2023-09-25 18:46:41]: 读取站点最新时间成功！
[INFO] [2023-09-25 18:46:42]: 读取站点最新时间成功！
[INFO] [2023-09-25 18:46:43]: 读取站点最新时间成功！
[INFO] [2023-09-25 18:46:43]: 读取站点最新时间成功！
[INFO] [2023-09-25 18:46:44]: 读取站点最新时间成功！
[INFO] [2023-09-25 18:46:44]: 读取站点最新时间成功！
[INFO] [2023-09-25 18:46:44]: 读取站点最新时间成功！
[INFO] [2023-09-25 18:46:44]: 读取站点最新时间成功！
[INFO] [2023-09-25 18:46:44]: 读取站点最新时间成功！
[INFO] [2023-09-25 18:46:44]: 读取站点最新时间成功！
[INFO] [2023-09-25 18:46:45]: 读取站点最新时间成功！
[INFO] [2023-09-25 18:46:45]: 读取站点最新时间成功！
[INFO] [2023-09-25 18:46:45]: 读取站点最新时间成功！
[INFO] [2023-09-25 18:46:45]: 读取站点最新时间成功！
[INFO] [2023-09-25 18:46:45]: 读取站点最新时间成功！
[INFO] [2023-09-25 18:46:45]: 读取站点最新时间成功！
[INFO] [2023-09-25 18:46:45]: 读取站点最新时间成功！
[INFO] [2023-09-25 18:46:46]: 读取站点最新时间成功！
[INFO] [2023-09-25 18:46:46]: 读取站点最新时间成功！
[INFO] [2023-09-25 18:46:46]: 读取站点最新时间成功！
[INFO] [2023-09-25 18:46:46]: 读取站点最新时间成功！
[INFO] [2023-09-25 18:46:46]: 读取站点最新时间成功！
[INFO] [2023-09-25 18:46:46]: 读取站点最新时间成功！
[INFO] [2023-09-25 18:46:47]: 读取站点最新时间成功！
[INFO] [2023-09-25 18:46:47]: 读取站点最新时间成功！
[INFO] [2023-09-25 18:46:47]: 读取站点最新时间成功！
[INFO] [2023-09-25 18:46:47]: 读取站点最新时间成功！
[INFO] [2023-09-25 18:46:47]: 读取站点最新时间成功！
[INFO] [2023-09-25 18:46:48]: 读取站点最新时间成功！
[INFO] [2023-09-25 18:46:49]: 读取站点最新时间成功！
[INFO] [2023-09-25 18:46:49]: 读取站点最新时间成功！
[INFO] [2023-09-25 18:46:50]: 读取站点最新时间成功！
[INFO] [2023-09-25 18:46:50]: 读取站点最新时间成功！
[INFO] [2023-09-25 18:46:50]: 读取站点最新时间成功！
[INFO] [2023-09-25 18:46:50]: 读取站点最新时间成功！
[INFO] [2023-09-25 18:46:51]: 读取站点最新时间成功！
[INFO] [2023-09-25 18:46:51]: 读取站点最新时间成功！
[INFO] [2023-09-25 18:46:51]: 读取站点最新时间成功！
[INFO] [2023-09-25 18:46:51]: 读取站点最新时间成功！
[INFO] [2023-09-25 18:46:51]: 读取站点最新时间成功！
[INFO] [2023-09-25 18:46:51]: 读取站点最新时间成功！
[INFO] [2023-09-25 18:46:52]: 读取站点最新时间成功！
[INFO] [2023-09-25 18:46:52]: 读取站点最新时间成功！
[INFO] [2023-09-25 18:46:52]: 读取站点最新时间成功！
[INFO] [2023-09-25 18:46:52]: 读取站点最新时间成功！
[INFO] [2023-09-25 18:46:53]: 读取站点最新时间成功！
[INFO] [2023-09-25 18:46:54]: 读取站点最新时间成功！
[INFO] [2023-09-25 18:46:54]: 读取站点最新时间成功！
[INFO] [2023-09-25 18:46:55]: 读取站点最新时间成功！
[INFO] [2023-09-25 18:46:55]: 读取站点最新时间成功！
[INFO] [2023-09-25 18:46:56]: 读取站点最新时间成功！
[INFO] [2023-09-25 18:46:56]: 读取站点最新时间成功！
[INFO] [2023-09-25 18:46:56]: 读取站点最新时间成功！
[INFO] [2023-09-25 18:46:56]: 读取站点最新时间成功！
[INFO] [2023-09-25 18:46:57]: 读取站点最新时间成功！
[INFO] [2023-09-25 18:46:57]: 读取站点最新时间成功！
[INFO] [2023-09-25 18:46:57]: 读取站点最新时间成功！
[INFO] [2023-09-25 18:46:57]: 读取站点最新时间成功！
[INFO] [2023-09-25 18:46:57]: 读取站点最新时间成功！
[INFO] [2023-09-25 18:46:58]: 读取站点最新时间成功！
[INFO] [2023-09-25 18:46:58]: 读取站点最新时间成功！
[INFO] [2023-09-25 18:46:58]: 读取站点最新时间成功！
[INFO] [2023-09-25 18:46:58]: 读取站点最新时间成功！
[INFO] [2023-09-25 18:46:58]: 读取站点最新时间成功！
[INFO] [2023-09-25 18:46:58]: 读取站点最新时间成功！
[INFO] [2023-09-25 18:46:59]: 读取站点最新时间成功！
[INFO] [2023-09-25 18:46:59]: 读取站点最新时间成功！
[INFO] [2023-09-25 18:46:59]: 读取站点最新时间成功！
[INFO] [2023-09-25 18:46:59]: 读取站点最新时间成功！
[INFO] [2023-09-25 18:47:00]: 读取站点最新时间成功！
[INFO] [2023-09-25 18:47:00]: 读取站点最新时间成功！
[INFO] [2023-09-25 18:47:01]: 读取站点最新时间成功！
[INFO] [2023-09-25 18:47:01]: 读取站点最新时间成功！
[INFO] [2023-09-25 18:47:02]: 读取站点最新时间成功！
[INFO] [2023-09-25 18:47:02]: 读取站点最新时间成功！
[INFO] [2023-09-25 18:47:02]: 读取站点最新时间成功！
[INFO] [2023-09-25 18:47:02]: 读取站点最新时间成功！
[INFO] [2023-09-25 18:47:02]: 读取站点最新时间成功！
[INFO] [2023-09-25 18:47:03]: 读取站点最新时间成功！
[INFO] [2023-09-25 18:47:03]: 读取站点最新时间成功！
[INFO] [2023-09-25 18:47:03]: 读取站点最新时间成功！
[INFO] [2023-09-25 18:47:03]: 读取站点最新时间成功！
[INFO] [2023-09-25 18:47:03]: 读取站点最新时间成功！
[INFO] [2023-09-25 18:47:03]: 读取站点最新时间成功！
[INFO] [2023-09-25 18:47:04]: 读取站点最新时间成功！
[INFO] [2023-09-25 18:47:04]: 读取站点最新时间成功！
[INFO] [2023-09-25 18:47:04]: 读取站点最新时间成功！
[INFO] [2023-09-25 18:47:05]: 读取站点最新时间成功！
[INFO] [2023-09-25 18:47:05]: 读取站点最新时间成功！
[INFO] [2023-09-25 18:47:05]: 读取站点最新时间成功！
[INFO] [2023-09-25 18:47:05]: 读取站点最新时间成功！
[INFO] [2023-09-25 18:47:06]: 读取站点最新时间成功！
[INFO] [2023-09-25 18:47:06]: 读取站点最新时间成功！
[INFO] [2023-09-25 18:47:06]: 读取站点最新时间成功！
[INFO] [2023-09-25 18:47:07]: 读取站点最新时间成功！
[INFO] [2023-09-25 18:47:07]: 读取站点最新时间成功！
[INFO] [2023-09-25 18:47:07]: 读取站点最新时间成功！
[INFO] [2023-09-25 18:47:08]: 读取站点最新时间成功！
[INFO] [2023-09-25 18:47:08]: 读取站点最新时间成功！
[INFO] [2023-09-25 18:47:08]: 读取站点最新时间成功！
[INFO] [2023-09-25 18:47:09]: 读取站点最新时间成功！
[INFO] [2023-09-25 18:47:09]: 读取站点最新时间成功！
[INFO] [2023-09-25 18:47:09]: 读取站点最新时间成功！
[INFO] [2023-09-25 18:47:09]: 读取站点最新时间成功！
[INFO] [2023-09-25 18:47:09]: 读取站点最新时间成功！
[INFO] [2023-09-25 18:47:09]: 读取站点最新时间成功！
[INFO] [2023-09-25 18:47:10]: 读取站点最新时间成功！
[INFO] [2023-09-25 18:47:10]: 读取站点最新时间成功！
[INFO] [2023-09-25 18:47:10]: 读取站点最新时间成功！
[INFO] [2023-09-25 18:47:11]: 读取站点最新时间成功！
[INFO] [2023-09-25 18:47:12]: 读取站点最新时间成功！
[INFO] [2023-09-25 18:47:12]: 读取站点最新时间成功！
[INFO] [2023-09-25 18:47:12]: 读取站点最新时间成功！
[INFO] [2023-09-25 18:47:12]: 读取站点最新时间成功！
[INFO] [2023-09-25 18:47:12]: 读取站点最新时间成功！
[INFO] [2023-09-25 18:47:13]: 读取站点最新时间成功！
[INFO] [2023-09-25 18:47:13]: 读取站点最新时间成功！
[INFO] [2023-09-25 18:47:13]: 读取站点最新时间成功！
[INFO] [2023-09-25 18:47:13]: 读取站点最新时间成功！
[INFO] [2023-09-25 18:47:13]: 读取站点最新时间成功！
[INFO] [2023-09-25 18:47:13]: 读取站点最新时间成功！
[INFO] [2023-09-25 18:47:13]: 读取站点最新时间成功！
[INFO] [2023-09-25 18:47:14]: 读取站点最新时间成功！
[INFO] [2023-09-25 18:47:14]: 读取站点最新时间成功！
[INFO] [2023-09-25 18:47:14]: 读取站点最新时间成功！
[INFO] [2023-09-25 18:47:15]: 读取站点最新时间成功！
[INFO] [2023-09-25 18:47:15]: 读取站点最新时间成功！
[INFO] [2023-09-25 18:47:16]: 读取站点最新时间成功！
[INFO] [2023-09-25 18:47:17]: 读取站点最新时间成功！
[INFO] [2023-09-25 18:47:17]: 读取站点最新时间成功！
[INFO] [2023-09-25 18:47:18]: 读取站点最新时间成功！
[INFO] [2023-09-25 18:47:18]: 读取站点最新时间成功！
[INFO] [2023-09-25 18:47:18]: 读取站点最新时间成功！
[INFO] [2023-09-25 18:47:19]: 读取站点最新时间成功！
[INFO] [2023-09-25 18:47:19]: 读取站点最新时间成功！
[INFO] [2023-09-25 18:47:19]: 读取站点最新时间成功！
[INFO] [2023-09-25 18:47:20]: 读取站点最新时间成功！
[INFO] [2023-09-25 18:47:20]: 读取站点最新时间成功！
[INFO] [2023-09-25 18:47:21]: 读取站点最新时间成功！
[INFO] [2023-09-25 18:47:21]: 读取站点最新时间成功！
[INFO] [2023-09-25 18:47:22]: 读取站点最新时间成功！
[INFO] [2023-09-25 18:47:22]: 读取站点最新时间成功！
[INFO] [2023-09-25 18:47:22]: 读取站点最新时间成功！
[INFO] [2023-09-25 18:47:23]: 读取站点最新时间成功！
[INFO] [2023-09-25 18:47:23]: 读取站点最新时间成功！
[INFO] [2023-09-25 18:47:24]: 读取站点最新时间成功！
[INFO] [2023-09-25 18:47:24]: 读取站点最新时间成功！
[INFO] [2023-09-25 18:47:25]: 读取站点最新时间成功！
[INFO] [2023-09-25 18:47:25]: 读取站点最新时间成功！
[INFO] [2023-09-25 18:47:25]: 读取站点最新时间成功！
[INFO] [2023-09-25 18:47:26]: 读取站点最新时间成功！
[INFO] [2023-09-25 18:47:26]: 读取站点最新时间成功！
[INFO] [2023-09-25 18:47:27]: 读取站点最新时间成功！
[INFO] [2023-09-25 18:47:27]: 读取站点最新时间成功！
[INFO] [2023-09-25 18:47:28]: 读取站点最新时间成功！
[INFO] [2023-09-25 18:47:28]: 读取站点最新时间成功！
[INFO] [2023-09-25 18:47:28]: 读取站点最新时间成功！
[INFO] [2023-09-25 18:47:28]: 读取站点最新时间成功！
[INFO] [2023-09-25 18:47:29]: 读取站点最新时间成功！
[INFO] [2023-09-25 18:47:29]: 读取站点最新时间成功！
[INFO] [2023-09-25 18:47:29]: 读取站点最新时间成功！
[INFO] [2023-09-25 18:47:29]: 读取站点最新时间成功！
[INFO] [2023-09-25 18:47:30]: 读取站点最新时间成功！
[INFO] [2023-09-25 18:47:30]: 读取站点最新时间成功！
[INFO] [2023-09-25 18:47:30]: 读取站点最新时间成功！
[INFO] [2023-09-25 18:47:30]: 读取站点最新时间成功！
[INFO] [2023-09-25 18:47:30]: 读取站点最新时间成功！
[INFO] [2023-09-25 18:47:31]: 读取站点最新时间成功！
[INFO] [2023-09-25 18:47:32]: 读取站点最新时间成功！
[INFO] [2023-09-25 18:47:32]: 读取站点最新时间成功！
[INFO] [2023-09-25 18:47:32]: 读取站点最新时间成功！
[INFO] [2023-09-25 18:47:32]: 读取站点最新时间成功！
[INFO] [2023-09-25 18:47:33]: 读取站点最新时间成功！
[INFO] [2023-09-25 18:47:34]: 读取站点最新时间成功！
[INFO] [2023-09-25 18:47:34]: 读取站点最新时间成功！
[INFO] [2023-09-25 18:47:35]: 读取站点最新时间成功！
[INFO] [2023-09-25 18:47:35]: 读取站点最新时间成功！
[INFO] [2023-09-25 18:47:36]: 读取站点最新时间成功！
[INFO] [2023-09-25 18:47:36]: 读取站点最新时间成功！
[INFO] [2023-09-25 18:47:37]: 读取站点最新时间成功！
[INFO] [2023-09-25 18:47:37]: 读取站点最新时间成功！
[INFO] [2023-09-25 18:47:37]: 读取站点最新时间成功！
[INFO] [2023-09-25 18:47:37]: 读取站点最新时间成功！
[INFO] [2023-09-25 18:47:37]: 读取站点最新时间成功！
[INFO] [2023-09-25 18:47:38]: 读取站点最新时间成功！
[INFO] [2023-09-25 18:47:38]: 读取站点最新时间成功！
[INFO] [2023-09-25 18:47:38]: 读取站点最新时间成功！
[INFO] [2023-09-25 18:47:38]: 读取站点最新时间成功！
[INFO] [2023-09-25 18:47:39]: 读取站点最新时间成功！
[INFO] [2023-09-25 18:47:39]: 读取站点最新时间成功！
[INFO] [2023-09-25 18:47:39]: 读取站点最新时间成功！
[INFO] [2023-09-25 18:47:39]: 读取站点最新时间成功！
[INFO] [2023-09-25 18:47:39]: 读取站点最新时间成功！
[INFO] [2023-09-25 18:47:40]: 读取站点最新时间成功！
[INFO] [2023-09-25 18:47:40]: 读取站点最新时间成功！
[INFO] [2023-09-25 18:47:40]: 读取站点最新时间成功！
[INFO] [2023-09-25 18:47:40]: 读取站点最新时间成功！
[INFO] [2023-09-25 18:47:41]: 读取站点最新时间成功！
[INFO] [2023-09-25 18:47:41]: 读取站点最新时间成功！
[INFO] [2023-09-25 18:47:41]: 读取站点最新时间成功！
[INFO] [2023-09-25 18:47:41]: 读取站点最新时间成功！
[INFO] [2023-09-25 18:47:42]: 读取站点最新时间成功！
[INFO] [2023-09-25 18:47:42]: 读取站点最新时间成功！
[INFO] [2023-09-25 18:47:42]: 读取站点最新时间成功！
[INFO] [2023-09-25 18:47:42]: 读取站点最新时间成功！
[INFO] [2023-09-25 18:47:42]: 读取站点最新时间成功！
[INFO] [2023-09-25 18:47:43]: 读取站点最新时间成功！
[INFO] [2023-09-25 18:47:43]: 读取站点最新时间成功！
[INFO] [2023-09-25 18:47:44]: 读取站点最新时间成功！
[INFO] [2023-09-25 18:47:44]: 读取站点最新时间成功！
[INFO] [2023-09-25 18:47:44]: 读取站点最新时间成功！
[INFO] [2023-09-25 18:47:44]: 读取站点最新时间成功！
[INFO] [2023-09-25 18:47:45]: 读取站点最新时间成功！
[INFO] [2023-09-25 18:47:46]: 读取站点最新时间成功！
[INFO] [2023-09-25 18:47:46]: 读取站点最新时间成功！
[INFO] [2023-09-25 18:47:47]: 读取站点最新时间成功！
[INFO] [2023-09-25 18:47:47]: 读取站点最新时间成功！
[INFO] [2023-09-25 18:47:47]: 读取站点最新时间成功！
[INFO] [2023-09-25 18:47:47]: 读取站点最新时间成功！
[INFO] [2023-09-25 18:47:48]: 读取站点最新时间成功！
[INFO] [2023-09-25 18:47:48]: 读取站点最新时间成功！
[INFO] [2023-09-25 18:47:49]: 读取站点最新时间成功！
[INFO] [2023-09-25 18:47:49]: 读取站点最新时间成功！
[INFO] [2023-09-25 18:47:49]: 读取站点最新时间成功！
[INFO] [2023-09-25 18:47:49]: 读取站点最新时间成功！
[INFO] [2023-09-25 18:47:49]: 读取站点最新时间成功！
[INFO] [2023-09-25 18:47:50]: 读取站点最新时间成功！
[INFO] [2023-09-25 18:47:50]: 读取站点最新时间成功！
[INFO] [2023-09-25 18:47:50]: 读取站点最新时间成功！
[INFO] [2023-09-25 18:47:51]: 读取站点最新时间成功！
[INFO] [2023-09-25 18:47:51]: 读取站点最新时间成功！
[INFO] [2023-09-25 18:47:51]: 读取站点最新时间成功！
[INFO] [2023-09-25 18:47:52]: 读取站点最新时间成功！
[INFO] [2023-09-25 18:47:52]: 读取站点最新时间成功！
[INFO] [2023-09-25 18:47:52]: 读取站点最新时间成功！
[INFO] [2023-09-25 18:47:52]: 读取站点最新时间成功！
[INFO] [2023-09-25 18:47:52]: 读取站点最新时间成功！
[INFO] [2023-09-25 18:47:53]: 读取站点最新时间成功！
[INFO] [2023-09-25 18:47:53]: 读取站点最新时间成功！
[INFO] [2023-09-25 18:47:53]: 读取站点最新时间成功！
[INFO] [2023-09-25 18:47:53]: 读取站点最新时间成功！
[INFO] [2023-09-25 18:47:53]: 读取站点最新时间成功！
[INFO] [2023-09-25 18:47:54]: 读取站点最新时间成功！
[INFO] [2023-09-25 18:47:54]: 读取站点最新时间成功！
[INFO] [2023-09-25 18:47:54]: 读取站点最新时间成功！
[INFO] [2023-09-25 18:47:54]: 读取站点最新时间成功！
[INFO] [2023-09-25 18:47:54]: 读取站点最新时间成功！
[INFO] [2023-09-25 18:47:55]: 读取站点最新时间成功！
[INFO] [2023-09-25 18:47:55]: 读取站点最新时间成功！
[INFO] [2023-09-25 18:47:56]: 读取站点最新时间成功！
[INFO] [2023-09-25 18:47:56]: 读取站点最新时间成功！
[INFO] [2023-09-25 18:47:56]: 读取站点最新时间成功！
[INFO] [2023-09-25 18:47:56]: 读取站点最新时间成功！
[INFO] [2023-09-25 18:47:57]: 读取站点最新时间成功！
[INFO] [2023-09-25 18:47:57]: 读取站点最新时间成功！
[INFO] [2023-09-25 18:47:57]: 读取站点最新时间成功！
[INFO] [2023-09-25 18:47:57]: 读取站点最新时间成功！
[INFO] [2023-09-25 18:47:57]: 读取站点最新时间成功！
[INFO] [2023-09-25 18:47:58]: 读取站点最新时间成功！
[INFO] [2023-09-25 18:47:58]: 读取站点最新时间成功！
[INFO] [2023-09-25 18:47:58]: 读取站点最新时间成功！
[INFO] [2023-09-25 18:47:58]: 读取站点最新时间成功！
[INFO] [2023-09-25 18:47:58]: 读取站点最新时间成功！
[INFO] [2023-09-25 18:47:59]: 读取站点最新时间成功！
[INFO] [2023-09-25 18:47:59]: 读取站点最新时间成功！
[INFO] [2023-09-25 18:47:59]: 读取站点最新时间成功！
[INFO] [2023-09-25 18:47:59]: 读取站点最新时间成功！
[INFO] [2023-09-25 18:47:59]: 读取站点最新时间成功！
[INFO] [2023-09-25 18:47:59]: 读取站点最新时间成功！
[INFO] [2023-09-25 18:48:00]: 读取站点最新时间成功！
[INFO] [2023-09-25 18:48:00]: 读取站点最新时间成功！
[INFO] [2023-09-25 18:48:00]: 读取站点最新时间成功！
[INFO] [2023-09-25 18:48:00]: 读取站点最新时间成功！
[INFO] [2023-09-25 18:48:00]: 读取站点最新时间成功！
[INFO] [2023-09-25 18:48:00]: 读取站点最新时间成功！
[INFO] [2023-09-25 18:48:01]: 读取站点最新时间成功！
[INFO] [2023-09-25 18:48:01]: 读取站点最新时间成功！
[INFO] [2023-09-25 18:48:01]: 读取站点最新时间成功！
[INFO] [2023-09-25 18:48:01]: 读取站点最新时间成功！
[INFO] [2023-09-25 18:48:01]: 读取站点最新时间成功！
[INFO] [2023-09-25 18:48:01]: 读取站点最新时间成功！
[INFO] [2023-09-25 18:48:01]: 读取站点最新时间成功！
[INFO] [2023-09-25 18:48:02]: 读取站点最新时间成功！
[INFO] [2023-09-25 18:48:03]: 读取站点最新时间成功！
[INFO] [2023-09-25 18:48:04]: 读取站点最新时间成功！
[INFO] [2023-09-25 18:48:04]: 读取站点最新时间成功！
[INFO] [2023-09-25 18:48:05]: 读取站点最新时间成功！
[INFO] [2023-09-25 19:05:30]: 读取不同的设备编号成功！
[INFO] [2023-09-25 19:05:30]: 读取站点最新时间成功！
[INFO] [2023-09-25 19:05:31]: 读取站点最新时间成功！
[INFO] [2023-09-25 19:05:31]: 读取站点最新时间成功！
[INFO] [2023-09-25 19:05:32]: 读取站点最新时间成功！
[INFO] [2023-09-25 19:05:32]: 读取站点最新时间成功！
[INFO] [2023-09-25 19:05:32]: 读取站点最新时间成功！
[INFO] [2023-09-25 19:05:32]: 读取站点最新时间成功！
[INFO] [2023-09-25 19:05:33]: 读取站点最新时间成功！
[INFO] [2023-09-25 19:05:33]: 读取站点最新时间成功！
[INFO] [2023-09-25 19:05:34]: 读取站点最新时间成功！
[INFO] [2023-09-25 19:05:34]: 读取站点最新时间成功！
[INFO] [2023-09-25 19:05:34]: 读取站点最新时间成功！
[INFO] [2023-09-25 19:05:34]: 读取站点最新时间成功！
[INFO] [2023-09-25 19:05:35]: 读取站点最新时间成功！
[INFO] [2023-09-25 19:05:35]: 读取站点最新时间成功！
[INFO] [2023-09-25 19:05:35]: 读取站点最新时间成功！
[INFO] [2023-09-25 19:05:36]: 读取站点最新时间成功！
[INFO] [2023-09-25 19:05:36]: 读取站点最新时间成功！
[INFO] [2023-09-25 19:05:37]: 读取站点最新时间成功！
[INFO] [2023-09-25 19:05:37]: 读取站点最新时间成功！
[INFO] [2023-09-25 19:05:37]: 读取站点最新时间成功！
[INFO] [2023-09-25 19:05:37]: 读取站点最新时间成功！
[INFO] [2023-09-25 19:05:37]: 读取站点最新时间成功！
[INFO] [2023-09-25 19:05:38]: 读取站点最新时间成功！
[INFO] [2023-09-25 19:05:38]: 读取站点最新时间成功！
[INFO] [2023-09-25 19:05:38]: 读取站点最新时间成功！
[INFO] [2023-09-25 19:05:38]: 读取站点最新时间成功！
[INFO] [2023-09-25 19:05:38]: 读取站点最新时间成功！
[INFO] [2023-09-25 19:05:39]: 读取站点最新时间成功！
[INFO] [2023-09-25 19:05:39]: 读取站点最新时间成功！
[INFO] [2023-09-25 19:05:39]: 读取站点最新时间成功！
[INFO] [2023-09-25 19:05:39]: 读取站点最新时间成功！
[INFO] [2023-09-25 19:05:39]: 读取站点最新时间成功！
[INFO] [2023-09-25 19:05:39]: 读取站点最新时间成功！
[INFO] [2023-09-25 19:05:39]: 读取站点最新时间成功！
[INFO] [2023-09-25 19:05:40]: 读取站点最新时间成功！
[INFO] [2023-09-25 19:05:40]: 读取站点最新时间成功！
[INFO] [2023-09-25 19:05:40]: 读取站点最新时间成功！
[INFO] [2023-09-25 19:05:40]: 读取站点最新时间成功！
[INFO] [2023-09-25 19:05:40]: 读取站点最新时间成功！
[INFO] [2023-09-25 19:05:40]: 读取站点最新时间成功！
[INFO] [2023-09-25 19:05:41]: 读取站点最新时间成功！
[INFO] [2023-09-25 19:05:42]: 读取站点最新时间成功！
[INFO] [2023-09-25 19:05:42]: 读取站点最新时间成功！
[INFO] [2023-09-25 19:05:43]: 读取站点最新时间成功！
[INFO] [2023-09-25 19:05:44]: 读取站点最新时间成功！
[INFO] [2023-09-25 19:05:44]: 读取站点最新时间成功！
[INFO] [2023-09-25 19:05:44]: 读取站点最新时间成功！
[INFO] [2023-09-25 19:05:44]: 读取站点最新时间成功！
[INFO] [2023-09-25 19:05:44]: 读取站点最新时间成功！
[INFO] [2023-09-25 19:05:45]: 读取站点最新时间成功！
[INFO] [2023-09-25 19:05:45]: 读取站点最新时间成功！
[INFO] [2023-09-25 19:05:45]: 读取站点最新时间成功！
[INFO] [2023-09-25 19:05:45]: 读取站点最新时间成功！
[INFO] [2023-09-25 19:05:45]: 读取站点最新时间成功！
[INFO] [2023-09-25 19:05:46]: 读取站点最新时间成功！
[INFO] [2023-09-25 19:05:46]: 读取站点最新时间成功！
[INFO] [2023-09-25 19:05:46]: 读取站点最新时间成功！
[INFO] [2023-09-25 19:05:46]: 读取站点最新时间成功！
[INFO] [2023-09-25 19:05:47]: 读取站点最新时间成功！
[INFO] [2023-09-25 19:05:48]: 读取站点最新时间成功！
[INFO] [2023-09-25 19:05:48]: 读取站点最新时间成功！
[INFO] [2023-09-25 19:05:49]: 读取站点最新时间成功！
[INFO] [2023-09-25 19:05:49]: 读取站点最新时间成功！
[INFO] [2023-09-25 19:05:50]: 读取站点最新时间成功！
[INFO] [2023-09-25 19:05:50]: 读取站点最新时间成功！
[INFO] [2023-09-25 19:05:50]: 读取站点最新时间成功！
[INFO] [2023-09-25 19:05:51]: 读取站点最新时间成功！
[INFO] [2023-09-25 19:05:51]: 读取站点最新时间成功！
[INFO] [2023-09-25 19:05:51]: 读取站点最新时间成功！
[INFO] [2023-09-25 19:05:51]: 读取站点最新时间成功！
[INFO] [2023-09-25 19:05:51]: 读取站点最新时间成功！
[INFO] [2023-09-25 19:05:52]: 读取站点最新时间成功！
[INFO] [2023-09-25 19:05:52]: 读取站点最新时间成功！
[INFO] [2023-09-25 19:05:52]: 读取站点最新时间成功！
[INFO] [2023-09-25 19:05:53]: 读取站点最新时间成功！
[INFO] [2023-09-25 19:05:53]: 读取站点最新时间成功！
[INFO] [2023-09-25 19:05:53]: 读取站点最新时间成功！
[INFO] [2023-09-25 19:05:53]: 读取站点最新时间成功！
[INFO] [2023-09-25 19:05:53]: 读取站点最新时间成功！
[INFO] [2023-09-25 19:05:53]: 读取站点最新时间成功！
[INFO] [2023-09-25 19:05:53]: 读取站点最新时间成功！
[INFO] [2023-09-25 19:05:54]: 读取站点最新时间成功！
[INFO] [2023-09-25 19:05:54]: 读取站点最新时间成功！
[INFO] [2023-09-25 19:05:55]: 读取站点最新时间成功！
[INFO] [2023-09-25 19:05:55]: 读取站点最新时间成功！
[INFO] [2023-09-25 19:05:56]: 读取站点最新时间成功！
[INFO] [2023-09-25 19:05:56]: 读取站点最新时间成功！
[INFO] [2023-09-25 19:05:56]: 读取站点最新时间成功！
[INFO] [2023-09-25 19:05:56]: 读取站点最新时间成功！
[INFO] [2023-09-25 19:05:57]: 读取站点最新时间成功！
[INFO] [2023-09-25 19:05:57]: 读取站点最新时间成功！
[INFO] [2023-09-25 19:05:57]: 读取站点最新时间成功！
[INFO] [2023-09-25 19:05:57]: 读取站点最新时间成功！
[INFO] [2023-09-25 19:05:57]: 读取站点最新时间成功！
[INFO] [2023-09-25 19:05:57]: 读取站点最新时间成功！
[INFO] [2023-09-25 19:05:58]: 读取站点最新时间成功！
[INFO] [2023-09-25 19:05:58]: 读取站点最新时间成功！
[INFO] [2023-09-25 19:05:59]: 读取站点最新时间成功！
[INFO] [2023-09-25 19:05:59]: 读取站点最新时间成功！
[INFO] [2023-09-25 19:05:59]: 读取站点最新时间成功！
[INFO] [2023-09-25 19:05:59]: 读取站点最新时间成功！
[INFO] [2023-09-25 19:06:00]: 读取站点最新时间成功！
[INFO] [2023-09-25 19:06:00]: 读取站点最新时间成功！
[INFO] [2023-09-25 19:06:00]: 读取站点最新时间成功！
[INFO] [2023-09-25 19:06:00]: 读取站点最新时间成功！
[INFO] [2023-09-25 19:06:00]: 读取站点最新时间成功！
[INFO] [2023-09-25 19:06:01]: 读取站点最新时间成功！
[INFO] [2023-09-25 19:06:01]: 读取站点最新时间成功！
[INFO] [2023-09-25 19:06:01]: 读取站点最新时间成功！
[INFO] [2023-09-25 19:06:02]: 读取站点最新时间成功！
[INFO] [2023-09-25 19:06:02]: 读取站点最新时间成功！
[INFO] [2023-09-25 19:06:02]: 读取站点最新时间成功！
[INFO] [2023-09-25 19:06:03]: 读取站点最新时间成功！
[INFO] [2023-09-25 19:06:03]: 读取站点最新时间成功！
[INFO] [2023-09-25 19:06:03]: 读取站点最新时间成功！
[INFO] [2023-09-25 19:06:03]: 读取站点最新时间成功！
[INFO] [2023-09-25 19:06:03]: 读取站点最新时间成功！
[INFO] [2023-09-25 19:06:04]: 读取站点最新时间成功！
[INFO] [2023-09-25 19:06:04]: 读取站点最新时间成功！
[INFO] [2023-09-25 19:06:04]: 读取站点最新时间成功！
[INFO] [2023-09-25 19:06:05]: 读取站点最新时间成功！
[INFO] [2023-09-25 19:06:05]: 读取站点最新时间成功！
[INFO] [2023-09-25 19:06:06]: 读取站点最新时间成功！
[INFO] [2023-09-25 19:06:06]: 读取站点最新时间成功！
[INFO] [2023-09-25 19:06:06]: 读取站点最新时间成功！
[INFO] [2023-09-25 19:06:06]: 读取站点最新时间成功！
[INFO] [2023-09-25 19:06:06]: 读取站点最新时间成功！
[INFO] [2023-09-25 19:06:07]: 读取站点最新时间成功！
[INFO] [2023-09-25 19:06:07]: 读取站点最新时间成功！
[INFO] [2023-09-25 19:06:07]: 读取站点最新时间成功！
[INFO] [2023-09-25 19:06:07]: 读取站点最新时间成功！
[INFO] [2023-09-25 19:06:07]: 读取站点最新时间成功！
[INFO] [2023-09-25 19:06:07]: 读取站点最新时间成功！
[INFO] [2023-09-25 19:06:08]: 读取站点最新时间成功！
[INFO] [2023-09-25 19:06:08]: 读取站点最新时间成功！
[INFO] [2023-09-25 19:06:08]: 读取站点最新时间成功！
[INFO] [2023-09-25 19:06:08]: 读取站点最新时间成功！
[INFO] [2023-09-25 19:06:09]: 读取站点最新时间成功！
[INFO] [2023-09-25 19:06:09]: 读取站点最新时间成功！
[INFO] [2023-09-25 19:06:09]: 读取站点最新时间成功！
[INFO] [2023-09-25 19:06:10]: 读取站点最新时间成功！
[INFO] [2023-09-25 19:06:11]: 读取站点最新时间成功！
[INFO] [2023-09-25 19:06:12]: 读取站点最新时间成功！
[INFO] [2023-09-25 19:06:12]: 读取站点最新时间成功！
[INFO] [2023-09-25 19:06:12]: 读取站点最新时间成功！
[INFO] [2023-09-25 19:06:13]: 读取站点最新时间成功！
[INFO] [2023-09-25 19:06:13]: 读取站点最新时间成功！
[INFO] [2023-09-25 19:06:14]: 读取站点最新时间成功！
[INFO] [2023-09-25 19:06:14]: 读取站点最新时间成功！
[INFO] [2023-09-25 19:06:14]: 读取站点最新时间成功！
[INFO] [2023-09-25 19:06:15]: 读取站点最新时间成功！
[INFO] [2023-09-25 19:06:15]: 读取站点最新时间成功！
[INFO] [2023-09-25 19:06:16]: 读取站点最新时间成功！
[INFO] [2023-09-25 19:06:16]: 读取站点最新时间成功！
[INFO] [2023-09-25 19:06:16]: 读取站点最新时间成功！
[INFO] [2023-09-25 19:06:17]: 读取站点最新时间成功！
[INFO] [2023-09-25 19:06:17]: 读取站点最新时间成功！
[INFO] [2023-09-25 19:06:18]: 读取站点最新时间成功！
[INFO] [2023-09-25 19:06:18]: 读取站点最新时间成功！
[INFO] [2023-09-25 19:06:18]: 读取站点最新时间成功！
[INFO] [2023-09-25 19:06:19]: 读取站点最新时间成功！
[INFO] [2023-09-25 19:06:19]: 读取站点最新时间成功！
[INFO] [2023-09-25 19:06:19]: 读取站点最新时间成功！
[INFO] [2023-09-25 19:06:20]: 读取站点最新时间成功！
[INFO] [2023-09-25 19:06:21]: 读取站点最新时间成功！
[INFO] [2023-09-25 19:06:21]: 读取站点最新时间成功！
[INFO] [2023-09-25 19:06:21]: 读取站点最新时间成功！
[INFO] [2023-09-25 19:06:22]: 读取站点最新时间成功！
[INFO] [2023-09-25 19:06:22]: 读取站点最新时间成功！
[INFO] [2023-09-25 19:06:22]: 读取站点最新时间成功！
[INFO] [2023-09-25 19:06:23]: 读取站点最新时间成功！
[INFO] [2023-09-25 19:06:23]: 读取站点最新时间成功！
[INFO] [2023-09-25 19:06:23]: 读取站点最新时间成功！
[INFO] [2023-09-25 19:06:23]: 读取站点最新时间成功！
[INFO] [2023-09-25 19:06:24]: 读取站点最新时间成功！
[INFO] [2023-09-25 19:06:24]: 读取站点最新时间成功！
[INFO] [2023-09-25 19:06:24]: 读取站点最新时间成功！
[INFO] [2023-09-25 19:06:24]: 读取站点最新时间成功！
[INFO] [2023-09-25 19:06:24]: 读取站点最新时间成功！
[INFO] [2023-09-25 19:06:25]: 读取站点最新时间成功！
[INFO] [2023-09-25 19:06:27]: 读取站点最新时间成功！
[INFO] [2023-09-25 19:06:27]: 读取站点最新时间成功！
[INFO] [2023-09-25 19:06:28]: 读取站点最新时间成功！
[INFO] [2023-09-25 19:06:28]: 读取站点最新时间成功！
[INFO] [2023-09-25 19:06:28]: 读取站点最新时间成功！
[INFO] [2023-09-25 19:06:29]: 读取站点最新时间成功！
[INFO] [2023-09-25 19:06:30]: 读取站点最新时间成功！
[INFO] [2023-09-25 19:06:30]: 读取站点最新时间成功！
[INFO] [2023-09-25 19:06:31]: 读取站点最新时间成功！
[INFO] [2023-09-25 19:06:31]: 读取站点最新时间成功！
[INFO] [2023-09-25 19:06:32]: 读取站点最新时间成功！
[INFO] [2023-09-25 19:06:32]: 读取站点最新时间成功！
[INFO] [2023-09-25 19:06:33]: 读取站点最新时间成功！
[INFO] [2023-09-25 19:06:33]: 读取站点最新时间成功！
[INFO] [2023-09-25 19:06:33]: 读取站点最新时间成功！
[INFO] [2023-09-25 19:06:34]: 读取站点最新时间成功！
[INFO] [2023-09-25 19:06:34]: 读取站点最新时间成功！
[INFO] [2023-09-25 19:06:34]: 读取站点最新时间成功！
[INFO] [2023-09-25 19:06:34]: 读取站点最新时间成功！
[INFO] [2023-09-25 19:06:34]: 读取站点最新时间成功！
[INFO] [2023-09-25 19:06:34]: 读取站点最新时间成功！
[INFO] [2023-09-25 19:06:35]: 读取站点最新时间成功！
[INFO] [2023-09-25 19:06:35]: 读取站点最新时间成功！
[INFO] [2023-09-25 19:06:35]: 读取站点最新时间成功！
[INFO] [2023-09-25 19:06:36]: 读取站点最新时间成功！
[INFO] [2023-09-25 19:06:36]: 读取站点最新时间成功！
[INFO] [2023-09-25 19:06:36]: 读取站点最新时间成功！
[INFO] [2023-09-25 19:06:36]: 读取站点最新时间成功！
[INFO] [2023-09-25 19:06:37]: 读取站点最新时间成功！
[INFO] [2023-09-25 19:06:37]: 读取站点最新时间成功！
[INFO] [2023-09-25 19:06:37]: 读取站点最新时间成功！
[INFO] [2023-09-25 19:06:37]: 读取站点最新时间成功！
[INFO] [2023-09-25 19:06:38]: 读取站点最新时间成功！
[INFO] [2023-09-25 19:06:38]: 读取站点最新时间成功！
[INFO] [2023-09-25 19:06:38]: 读取站点最新时间成功！
[INFO] [2023-09-25 19:06:38]: 读取站点最新时间成功！
[INFO] [2023-09-25 19:06:38]: 读取站点最新时间成功！
[INFO] [2023-09-25 19:06:39]: 读取站点最新时间成功！
[INFO] [2023-09-25 19:06:39]: 读取站点最新时间成功！
[INFO] [2023-09-25 19:06:39]: 读取站点最新时间成功！
[INFO] [2023-09-25 19:06:40]: 读取站点最新时间成功！
[INFO] [2023-09-25 19:06:40]: 读取站点最新时间成功！
[INFO] [2023-09-25 19:06:40]: 读取站点最新时间成功！
[INFO] [2023-09-25 19:06:41]: 读取站点最新时间成功！
[INFO] [2023-09-25 19:06:41]: 读取站点最新时间成功！
[INFO] [2023-09-25 19:06:42]: 读取站点最新时间成功！
[INFO] [2023-09-25 19:06:42]: 读取站点最新时间成功！
[INFO] [2023-09-25 19:06:43]: 读取站点最新时间成功！
[INFO] [2023-09-25 19:06:43]: 读取站点最新时间成功！
[INFO] [2023-09-25 19:06:43]: 读取站点最新时间成功！
[INFO] [2023-09-25 19:06:44]: 读取站点最新时间成功！
[INFO] [2023-09-25 19:06:44]: 读取站点最新时间成功！
[INFO] [2023-09-25 19:06:44]: 读取站点最新时间成功！
[INFO] [2023-09-25 19:06:46]: 读取站点最新时间成功！
[INFO] [2023-09-25 19:06:46]: 读取站点最新时间成功！
[INFO] [2023-09-25 19:06:46]: 读取站点最新时间成功！
[INFO] [2023-09-25 19:06:46]: 读取站点最新时间成功！
[INFO] [2023-09-25 19:06:46]: 读取站点最新时间成功！
[INFO] [2023-09-25 19:06:46]: 读取站点最新时间成功！
[INFO] [2023-09-25 19:06:47]: 读取站点最新时间成功！
[INFO] [2023-09-25 19:06:47]: 读取站点最新时间成功！
[INFO] [2023-09-25 19:06:48]: 读取站点最新时间成功！
[INFO] [2023-09-25 19:06:48]: 读取站点最新时间成功！
[INFO] [2023-09-25 19:06:48]: 读取站点最新时间成功！
[INFO] [2023-09-25 19:06:48]: 读取站点最新时间成功！
[INFO] [2023-09-25 19:06:49]: 读取站点最新时间成功！
[INFO] [2023-09-25 19:06:49]: 读取站点最新时间成功！
[INFO] [2023-09-25 19:06:49]: 读取站点最新时间成功！
[INFO] [2023-09-25 19:06:49]: 读取站点最新时间成功！
[INFO] [2023-09-25 19:06:49]: 读取站点最新时间成功！
[INFO] [2023-09-25 19:06:49]: 读取站点最新时间成功！
[INFO] [2023-09-25 19:06:50]: 读取站点最新时间成功！
[INFO] [2023-09-25 19:06:50]: 读取站点最新时间成功！
[INFO] [2023-09-25 19:06:50]: 读取站点最新时间成功！
[INFO] [2023-09-25 19:06:50]: 读取站点最新时间成功！
[INFO] [2023-09-25 19:06:50]: 读取站点最新时间成功！
[INFO] [2023-09-25 19:06:51]: 读取站点最新时间成功！
[INFO] [2023-09-25 19:06:51]: 读取站点最新时间成功！
[INFO] [2023-09-25 19:06:51]: 读取站点最新时间成功！
[INFO] [2023-09-25 19:06:51]: 读取站点最新时间成功！
[INFO] [2023-09-25 19:06:52]: 读取站点最新时间成功！
[INFO] [2023-09-25 19:06:52]: 读取站点最新时间成功！
[INFO] [2023-09-25 19:06:52]: 读取站点最新时间成功！
[INFO] [2023-09-25 19:06:53]: 读取站点最新时间成功！
[INFO] [2023-09-25 19:06:53]: 读取站点最新时间成功！
[INFO] [2023-09-25 19:06:53]: 读取站点最新时间成功！
[INFO] [2023-09-25 19:06:54]: 读取站点最新时间成功！
[INFO] [2023-09-25 19:06:54]: 读取站点最新时间成功！
[INFO] [2023-09-25 19:06:54]: 读取站点最新时间成功！
[INFO] [2023-09-25 19:06:54]: 读取站点最新时间成功！
[INFO] [2023-09-25 19:06:54]: 读取站点最新时间成功！
[INFO] [2023-09-25 19:06:54]: 读取站点最新时间成功！
[INFO] [2023-09-25 19:06:55]: 读取站点最新时间成功！
[INFO] [2023-09-25 19:06:55]: 读取站点最新时间成功！
[INFO] [2023-09-25 19:06:55]: 读取站点最新时间成功！
[INFO] [2023-09-25 19:06:55]: 读取站点最新时间成功！
[INFO] [2023-09-25 19:06:56]: 读取站点最新时间成功！
[INFO] [2023-09-25 19:06:56]: 读取站点最新时间成功！
[INFO] [2023-09-25 19:06:56]: 读取站点最新时间成功！
[INFO] [2023-09-25 19:06:56]: 读取站点最新时间成功！
[INFO] [2023-09-25 19:06:56]: 读取站点最新时间成功！
[INFO] [2023-09-25 19:06:56]: 读取站点最新时间成功！
[INFO] [2023-09-25 19:06:56]: 读取站点最新时间成功！
[INFO] [2023-09-25 19:06:57]: 读取站点最新时间成功！
[INFO] [2023-09-25 19:06:57]: 读取站点最新时间成功！
[INFO] [2023-09-25 19:06:57]: 读取站点最新时间成功！
[INFO] [2023-09-25 19:06:57]: 读取站点最新时间成功！
[INFO] [2023-09-25 19:06:57]: 读取站点最新时间成功！
[INFO] [2023-09-25 19:06:57]: 读取站点最新时间成功！
[INFO] [2023-09-25 19:06:57]: 读取站点最新时间成功！
[INFO] [2023-09-25 19:06:58]: 读取站点最新时间成功！
[INFO] [2023-09-25 19:06:58]: 读取站点最新时间成功！
[INFO] [2023-09-25 19:06:58]: 读取站点最新时间成功！
[INFO] [2023-09-25 19:06:58]: 读取站点最新时间成功！
[INFO] [2023-09-25 19:06:58]: 读取站点最新时间成功！
[INFO] [2023-09-25 19:06:59]: 读取站点最新时间成功！
[INFO] [2023-09-25 19:07:00]: 读取站点最新时间成功！
[INFO] [2023-09-25 19:07:01]: 读取站点最新时间成功！
[INFO] [2023-09-25 19:07:01]: 读取站点最新时间成功！
[INFO] [2023-09-25 19:07:02]: 读取站点最新时间成功！
[INFO] [2023-09-25 19:21:02]: 读取不同的设备编号成功！
[INFO] [2023-09-25 19:21:03]: 读取站点最新时间成功！
[INFO] [2023-09-25 19:21:03]: 读取站点最新时间成功！
[INFO] [2023-09-25 19:21:04]: 读取站点最新时间成功！
[INFO] [2023-09-25 19:21:04]: 读取站点最新时间成功！
[INFO] [2023-09-25 19:37:20]: 读取不同的设备编号成功！
[INFO] [2023-09-25 19:37:20]: 读取站点最新时间成功！
[INFO] [2023-09-25 19:37:20]: 读取站点最新时间成功！
[INFO] [2023-09-25 19:37:20]: 读取站点最新时间成功！
[INFO] [2023-09-25 19:37:20]: 读取站点最新时间成功！
[INFO] [2023-09-25 19:37:20]: 读取站点最新时间成功！
[INFO] [2023-09-25 19:37:21]: 读取站点最新时间成功！
[INFO] [2023-09-25 19:37:22]: 读取站点最新时间成功！
[INFO] [2023-09-25 19:37:22]: 读取站点最新时间成功！
[INFO] [2023-09-25 19:37:23]: 读取站点最新时间成功！
[INFO] [2023-09-25 19:37:23]: 读取站点最新时间成功！
[INFO] [2023-09-25 19:37:24]: 读取站点最新时间成功！
[INFO] [2023-09-25 19:37:24]: 读取站点最新时间成功！
[INFO] [2023-09-25 19:37:24]: 读取站点最新时间成功！
[INFO] [2023-09-25 19:37:24]: 读取站点最新时间成功！
[INFO] [2023-09-25 19:37:25]: 读取站点最新时间成功！
[INFO] [2023-09-25 19:37:25]: 读取站点最新时间成功！
[INFO] [2023-09-25 19:37:26]: 读取站点最新时间成功！
[INFO] [2023-09-25 19:37:27]: 读取站点最新时间成功！
[INFO] [2023-09-25 19:37:27]: 读取站点最新时间成功！
[INFO] [2023-09-25 19:37:27]: 读取站点最新时间成功！
[INFO] [2023-09-25 19:37:27]: 读取站点最新时间成功！
[INFO] [2023-09-25 19:37:27]: 读取站点最新时间成功！
[INFO] [2023-09-25 19:37:28]: 读取站点最新时间成功！
[INFO] [2023-09-25 19:37:28]: 读取站点最新时间成功！
[INFO] [2023-09-25 19:37:28]: 读取站点最新时间成功！
[INFO] [2023-09-25 19:37:28]: 读取站点最新时间成功！
[INFO] [2023-09-25 19:37:28]: 读取站点最新时间成功！
[INFO] [2023-09-25 19:37:28]: 读取站点最新时间成功！
[INFO] [2023-09-25 19:37:28]: 读取站点最新时间成功！
[INFO] [2023-09-25 19:37:29]: 读取站点最新时间成功！
[INFO] [2023-09-25 19:37:29]: 读取站点最新时间成功！
[INFO] [2023-09-25 19:37:29]: 读取站点最新时间成功！
[INFO] [2023-09-25 19:37:29]: 读取站点最新时间成功！
[INFO] [2023-09-25 19:37:29]: 读取站点最新时间成功！
[INFO] [2023-09-25 19:37:29]: 读取站点最新时间成功！
[INFO] [2023-09-25 19:37:30]: 读取站点最新时间成功！
[INFO] [2023-09-25 19:37:30]: 读取站点最新时间成功！
[INFO] [2023-09-25 19:37:30]: 读取站点最新时间成功！
[INFO] [2023-09-25 19:37:30]: 读取站点最新时间成功！
[INFO] [2023-09-25 19:37:30]: 读取站点最新时间成功！
[INFO] [2023-09-25 19:37:30]: 读取站点最新时间成功！
[INFO] [2023-09-25 19:37:30]: 读取站点最新时间成功！
[INFO] [2023-09-25 19:37:32]: 读取站点最新时间成功！
[INFO] [2023-09-25 19:37:32]: 读取站点最新时间成功！
[INFO] [2023-09-25 19:37:33]: 读取站点最新时间成功！
[INFO] [2023-09-25 19:37:33]: 读取站点最新时间成功！
[INFO] [2023-09-25 19:37:34]: 读取站点最新时间成功！
[INFO] [2023-09-25 19:37:34]: 读取站点最新时间成功！
[INFO] [2023-09-25 19:37:34]: 读取站点最新时间成功！
[INFO] [2023-09-25 19:37:34]: 读取站点最新时间成功！
[INFO] [2023-09-25 19:37:35]: 读取站点最新时间成功！
[INFO] [2023-09-25 19:37:35]: 读取站点最新时间成功！
[INFO] [2023-09-25 19:37:35]: 读取站点最新时间成功！
[INFO] [2023-09-25 19:37:35]: 读取站点最新时间成功！
[INFO] [2023-09-25 19:37:35]: 读取站点最新时间成功！
[INFO] [2023-09-25 19:37:35]: 读取站点最新时间成功！
[INFO] [2023-09-25 19:37:36]: 读取站点最新时间成功！
[INFO] [2023-09-25 19:37:36]: 读取站点最新时间成功！
[INFO] [2023-09-25 19:37:36]: 读取站点最新时间成功！
[INFO] [2023-09-25 19:37:37]: 读取站点最新时间成功！
[INFO] [2023-09-25 19:37:38]: 读取站点最新时间成功！
[INFO] [2023-09-25 19:37:38]: 读取站点最新时间成功！
[INFO] [2023-09-25 19:37:39]: 读取站点最新时间成功！
[INFO] [2023-09-25 19:37:39]: 读取站点最新时间成功！
[INFO] [2023-09-25 19:37:40]: 读取站点最新时间成功！
[INFO] [2023-09-25 19:37:40]: 读取站点最新时间成功！
[INFO] [2023-09-25 19:37:40]: 读取站点最新时间成功！
[INFO] [2023-09-25 19:37:41]: 读取站点最新时间成功！
[INFO] [2023-09-25 19:37:41]: 读取站点最新时间成功！
[INFO] [2023-09-25 19:37:41]: 读取站点最新时间成功！
[INFO] [2023-09-25 19:37:41]: 读取站点最新时间成功！
[INFO] [2023-09-25 19:37:41]: 读取站点最新时间成功！
[INFO] [2023-09-25 19:37:42]: 读取站点最新时间成功！
[INFO] [2023-09-25 19:37:42]: 读取站点最新时间成功！
[INFO] [2023-09-25 19:37:42]: 读取站点最新时间成功！
[INFO] [2023-09-25 19:37:43]: 读取站点最新时间成功！
[INFO] [2023-09-25 19:37:43]: 读取站点最新时间成功！
[INFO] [2023-09-25 19:37:43]: 读取站点最新时间成功！
[INFO] [2023-09-25 19:37:43]: 读取站点最新时间成功！
[INFO] [2023-09-25 19:37:43]: 读取站点最新时间成功！
[INFO] [2023-09-25 19:37:43]: 读取站点最新时间成功！
[INFO] [2023-09-25 19:37:43]: 读取站点最新时间成功！
[INFO] [2023-09-25 19:37:44]: 读取站点最新时间成功！
[INFO] [2023-09-25 19:37:45]: 读取站点最新时间成功！
[INFO] [2023-09-25 19:37:45]: 读取站点最新时间成功！
[INFO] [2023-09-25 19:37:45]: 读取站点最新时间成功！
[INFO] [2023-09-25 19:37:46]: 读取站点最新时间成功！
[INFO] [2023-09-25 19:37:46]: 读取站点最新时间成功！
[INFO] [2023-09-25 19:37:46]: 读取站点最新时间成功！
[INFO] [2023-09-25 19:37:47]: 读取站点最新时间成功！
[INFO] [2023-09-25 19:37:47]: 读取站点最新时间成功！
[INFO] [2023-09-25 19:37:47]: 读取站点最新时间成功！
[INFO] [2023-09-25 19:37:47]: 读取站点最新时间成功！
[INFO] [2023-09-25 19:37:47]: 读取站点最新时间成功！
[INFO] [2023-09-25 19:37:47]: 读取站点最新时间成功！
[INFO] [2023-09-25 19:37:48]: 读取站点最新时间成功！
[INFO] [2023-09-25 19:37:48]: 读取站点最新时间成功！
[INFO] [2023-09-25 19:37:48]: 读取站点最新时间成功！
[INFO] [2023-09-25 19:37:48]: 读取站点最新时间成功！
[INFO] [2023-09-25 19:37:49]: 读取站点最新时间成功！
[INFO] [2023-09-25 19:37:49]: 读取站点最新时间成功！
[INFO] [2023-09-25 19:37:49]: 读取站点最新时间成功！
[INFO] [2023-09-25 19:37:49]: 读取站点最新时间成功！
[INFO] [2023-09-25 19:37:50]: 读取站点最新时间成功！
[INFO] [2023-09-25 19:37:50]: 读取站点最新时间成功！
[INFO] [2023-09-25 19:37:50]: 读取站点最新时间成功！
[INFO] [2023-09-25 19:37:51]: 读取站点最新时间成功！
[INFO] [2023-09-25 19:37:51]: 读取站点最新时间成功！
[INFO] [2023-09-25 19:37:51]: 读取站点最新时间成功！
[INFO] [2023-09-25 19:37:52]: 读取站点最新时间成功！
[INFO] [2023-09-25 19:37:52]: 读取站点最新时间成功！
[INFO] [2023-09-25 19:37:52]: 读取站点最新时间成功！
[INFO] [2023-09-25 19:37:53]: 读取站点最新时间成功！
[INFO] [2023-09-25 19:37:53]: 读取站点最新时间成功！
[INFO] [2023-09-25 19:37:53]: 读取站点最新时间成功！
[INFO] [2023-09-25 19:37:53]: 读取站点最新时间成功！
[INFO] [2023-09-25 19:37:54]: 读取站点最新时间成功！
[INFO] [2023-09-25 19:37:54]: 读取站点最新时间成功！
[INFO] [2023-09-25 19:37:54]: 读取站点最新时间成功！
[INFO] [2023-09-25 19:37:54]: 读取站点最新时间成功！
[INFO] [2023-09-25 19:37:55]: 读取站点最新时间成功！
[INFO] [2023-09-25 19:37:55]: 读取站点最新时间成功！
[INFO] [2023-09-25 19:37:55]: 读取站点最新时间成功！
[INFO] [2023-09-25 19:37:56]: 读取站点最新时间成功！
[INFO] [2023-09-25 19:37:56]: 读取站点最新时间成功！
[INFO] [2023-09-25 19:37:57]: 读取站点最新时间成功！
[INFO] [2023-09-25 19:37:57]: 读取站点最新时间成功！
[INFO] [2023-09-25 19:37:57]: 读取站点最新时间成功！
[INFO] [2023-09-25 19:37:57]: 读取站点最新时间成功！
[INFO] [2023-09-25 19:37:57]: 读取站点最新时间成功！
[INFO] [2023-09-25 19:37:57]: 读取站点最新时间成功！
[INFO] [2023-09-25 19:37:58]: 读取站点最新时间成功！
[INFO] [2023-09-25 19:37:58]: 读取站点最新时间成功！
[INFO] [2023-09-25 19:37:58]: 读取站点最新时间成功！
[INFO] [2023-09-25 19:37:58]: 读取站点最新时间成功！
[INFO] [2023-09-25 19:37:58]: 读取站点最新时间成功！
[INFO] [2023-09-25 19:37:58]: 读取站点最新时间成功！
[INFO] [2023-09-25 19:37:59]: 读取站点最新时间成功！
[INFO] [2023-09-25 19:37:59]: 读取站点最新时间成功！
[INFO] [2023-09-25 19:37:59]: 读取站点最新时间成功！
[INFO] [2023-09-25 19:38:00]: 读取站点最新时间成功！
[INFO] [2023-09-25 19:38:01]: 读取站点最新时间成功！
[INFO] [2023-09-25 19:38:02]: 读取站点最新时间成功！
[INFO] [2023-09-25 19:38:02]: 读取站点最新时间成功！
[INFO] [2023-09-25 19:38:03]: 读取站点最新时间成功！
[INFO] [2023-09-25 19:38:03]: 读取站点最新时间成功！
[INFO] [2023-09-25 19:38:04]: 读取站点最新时间成功！
[INFO] [2023-09-25 19:38:04]: 读取站点最新时间成功！
[INFO] [2023-09-25 19:38:04]: 读取站点最新时间成功！
[INFO] [2023-09-25 19:38:05]: 读取站点最新时间成功！
[INFO] [2023-09-25 19:38:05]: 读取站点最新时间成功！
[INFO] [2023-09-25 19:38:06]: 读取站点最新时间成功！
[INFO] [2023-09-25 19:38:06]: 读取站点最新时间成功！
[INFO] [2023-09-25 19:38:07]: 读取站点最新时间成功！
[INFO] [2023-09-25 19:38:07]: 读取站点最新时间成功！
[INFO] [2023-09-25 19:38:07]: 读取站点最新时间成功！
[INFO] [2023-09-25 19:38:07]: 读取站点最新时间成功！
[INFO] [2023-09-25 19:38:08]: 读取站点最新时间成功！
[INFO] [2023-09-25 19:38:09]: 读取站点最新时间成功！
[INFO] [2023-09-25 19:38:09]: 读取站点最新时间成功！
[INFO] [2023-09-25 19:38:10]: 读取站点最新时间成功！
[INFO] [2023-09-25 19:38:10]: 读取站点最新时间成功！
[INFO] [2023-09-25 19:38:10]: 读取站点最新时间成功！
[INFO] [2023-09-25 19:38:11]: 读取站点最新时间成功！
[INFO] [2023-09-25 19:38:11]: 读取站点最新时间成功！
[INFO] [2023-09-25 19:38:12]: 读取站点最新时间成功！
[INFO] [2023-09-25 19:38:12]: 读取站点最新时间成功！
[INFO] [2023-09-25 19:38:13]: 读取站点最新时间成功！
[INFO] [2023-09-25 19:38:13]: 读取站点最新时间成功！
[INFO] [2023-09-25 19:38:13]: 读取站点最新时间成功！
[INFO] [2023-09-25 19:38:14]: 读取站点最新时间成功！
[INFO] [2023-09-25 19:38:14]: 读取站点最新时间成功！
[INFO] [2023-09-25 19:38:14]: 读取站点最新时间成功！
[INFO] [2023-09-25 19:38:14]: 读取站点最新时间成功！
[INFO] [2023-09-25 19:38:15]: 读取站点最新时间成功！
[INFO] [2023-09-25 19:38:15]: 读取站点最新时间成功！
[INFO] [2023-09-25 19:38:15]: 读取站点最新时间成功！
[INFO] [2023-09-25 19:38:15]: 读取站点最新时间成功！
[INFO] [2023-09-25 19:38:15]: 读取站点最新时间成功！
[INFO] [2023-09-25 19:38:16]: 读取站点最新时间成功！
[INFO] [2023-09-25 19:38:16]: 读取站点最新时间成功！
[INFO] [2023-09-25 19:38:17]: 读取站点最新时间成功！
[INFO] [2023-09-25 19:38:17]: 读取站点最新时间成功！
[INFO] [2023-09-25 19:38:18]: 读取站点最新时间成功！
[INFO] [2023-09-25 19:38:18]: 读取站点最新时间成功！
[INFO] [2023-09-25 19:38:18]: 读取站点最新时间成功！
[INFO] [2023-09-25 19:38:18]: 读取站点最新时间成功！
[INFO] [2023-09-25 19:38:19]: 读取站点最新时间成功！
[INFO] [2023-09-25 19:38:20]: 读取站点最新时间成功！
[INFO] [2023-09-25 19:38:20]: 读取站点最新时间成功！
[INFO] [2023-09-25 19:38:21]: 读取站点最新时间成功！
[INFO] [2023-09-25 19:38:22]: 读取站点最新时间成功！
[INFO] [2023-09-25 19:38:22]: 读取站点最新时间成功！
[INFO] [2023-09-25 19:38:22]: 读取站点最新时间成功！
[INFO] [2023-09-25 19:38:23]: 读取站点最新时间成功！
[INFO] [2023-09-25 19:38:23]: 读取站点最新时间成功！
[INFO] [2023-09-25 19:38:23]: 读取站点最新时间成功！
[INFO] [2023-09-25 19:38:23]: 读取站点最新时间成功！
[INFO] [2023-09-25 19:38:23]: 读取站点最新时间成功！
[INFO] [2023-09-25 19:38:23]: 读取站点最新时间成功！
[INFO] [2023-09-25 19:38:24]: 读取站点最新时间成功！
[INFO] [2023-09-25 19:38:24]: 读取站点最新时间成功！
[INFO] [2023-09-25 19:38:24]: 读取站点最新时间成功！
[INFO] [2023-09-25 19:38:25]: 读取站点最新时间成功！
[INFO] [2023-09-25 19:38:25]: 读取站点最新时间成功！
[INFO] [2023-09-25 19:38:25]: 读取站点最新时间成功！
[INFO] [2023-09-25 19:38:25]: 读取站点最新时间成功！
[INFO] [2023-09-25 19:38:25]: 读取站点最新时间成功！
[INFO] [2023-09-25 19:38:26]: 读取站点最新时间成功！
[INFO] [2023-09-25 19:38:26]: 读取站点最新时间成功！
[INFO] [2023-09-25 19:38:26]: 读取站点最新时间成功！
[INFO] [2023-09-25 19:38:26]: 读取站点最新时间成功！
[INFO] [2023-09-25 19:38:27]: 读取站点最新时间成功！
[INFO] [2023-09-25 19:38:27]: 读取站点最新时间成功！
[INFO] [2023-09-25 19:38:27]: 读取站点最新时间成功！
[INFO] [2023-09-25 19:38:27]: 读取站点最新时间成功！
[INFO] [2023-09-25 19:38:27]: 读取站点最新时间成功！
[INFO] [2023-09-25 19:38:28]: 读取站点最新时间成功！
[INFO] [2023-09-25 19:38:28]: 读取站点最新时间成功！
[INFO] [2023-09-25 19:38:28]: 读取站点最新时间成功！
[INFO] [2023-09-25 19:38:29]: 读取站点最新时间成功！
[INFO] [2023-09-25 19:38:29]: 读取站点最新时间成功！
[INFO] [2023-09-25 19:38:29]: 读取站点最新时间成功！
[INFO] [2023-09-25 19:38:29]: 读取站点最新时间成功！
[INFO] [2023-09-25 19:38:30]: 读取站点最新时间成功！
[INFO] [2023-09-25 19:38:30]: 读取站点最新时间成功！
[INFO] [2023-09-25 19:38:31]: 读取站点最新时间成功！
[INFO] [2023-09-25 19:38:31]: 读取站点最新时间成功！
[INFO] [2023-09-25 19:38:32]: 读取站点最新时间成功！
[INFO] [2023-09-25 19:38:32]: 读取站点最新时间成功！
[INFO] [2023-09-25 19:38:32]: 读取站点最新时间成功！
[INFO] [2023-09-25 19:38:33]: 读取站点最新时间成功！
[INFO] [2023-09-25 19:38:33]: 读取站点最新时间成功！
[INFO] [2023-09-25 19:38:33]: 读取站点最新时间成功！
[INFO] [2023-09-25 19:38:34]: 读取站点最新时间成功！
[INFO] [2023-09-25 19:38:34]: 读取站点最新时间成功！
[INFO] [2023-09-25 19:38:34]: 读取站点最新时间成功！
[INFO] [2023-09-25 19:38:34]: 读取站点最新时间成功！
[INFO] [2023-09-25 19:38:35]: 读取站点最新时间成功！
[INFO] [2023-09-25 19:38:35]: 读取站点最新时间成功！
[INFO] [2023-09-25 19:38:35]: 读取站点最新时间成功！
[INFO] [2023-09-25 19:38:36]: 读取站点最新时间成功！
[INFO] [2023-09-25 19:38:36]: 读取站点最新时间成功！
[INFO] [2023-09-25 19:38:36]: 读取站点最新时间成功！
[INFO] [2023-09-25 19:38:37]: 读取站点最新时间成功！
[INFO] [2023-09-25 19:38:37]: 读取站点最新时间成功！
[INFO] [2023-09-25 19:38:37]: 读取站点最新时间成功！
[INFO] [2023-09-25 19:38:37]: 读取站点最新时间成功！
[INFO] [2023-09-25 19:38:37]: 读取站点最新时间成功！
[INFO] [2023-09-25 19:38:38]: 读取站点最新时间成功！
[INFO] [2023-09-25 19:38:38]: 读取站点最新时间成功！
[INFO] [2023-09-25 19:38:38]: 读取站点最新时间成功！
[INFO] [2023-09-25 19:38:38]: 读取站点最新时间成功！
[INFO] [2023-09-25 19:38:38]: 读取站点最新时间成功！
[INFO] [2023-09-25 19:38:39]: 读取站点最新时间成功！
[INFO] [2023-09-25 19:38:39]: 读取站点最新时间成功！
[INFO] [2023-09-25 19:38:39]: 读取站点最新时间成功！
[INFO] [2023-09-25 19:38:39]: 读取站点最新时间成功！
[INFO] [2023-09-25 19:38:39]: 读取站点最新时间成功！
[INFO] [2023-09-25 19:38:39]: 读取站点最新时间成功！
[INFO] [2023-09-25 19:38:40]: 读取站点最新时间成功！
[INFO] [2023-09-25 19:38:40]: 读取站点最新时间成功！
[INFO] [2023-09-25 19:38:40]: 读取站点最新时间成功！
[INFO] [2023-09-25 19:38:41]: 读取站点最新时间成功！
[INFO] [2023-09-25 19:38:41]: 读取站点最新时间成功！
[INFO] [2023-09-25 19:38:42]: 读取站点最新时间成功！
[INFO] [2023-09-25 19:38:42]: 读取站点最新时间成功！
[INFO] [2023-09-25 19:38:42]: 读取站点最新时间成功！
[INFO] [2023-09-25 19:38:42]: 读取站点最新时间成功！
[INFO] [2023-09-25 19:38:43]: 读取站点最新时间成功！
[INFO] [2023-09-25 19:38:43]: 读取站点最新时间成功！
[INFO] [2023-09-25 19:38:43]: 读取站点最新时间成功！
[INFO] [2023-09-25 19:38:43]: 读取站点最新时间成功！
[INFO] [2023-09-25 19:38:43]: 读取站点最新时间成功！
[INFO] [2023-09-25 19:38:43]: 读取站点最新时间成功！
[INFO] [2023-09-25 19:38:44]: 读取站点最新时间成功！
[INFO] [2023-09-25 19:38:44]: 读取站点最新时间成功！
[INFO] [2023-09-25 19:38:44]: 读取站点最新时间成功！
[INFO] [2023-09-25 19:38:44]: 读取站点最新时间成功！
[INFO] [2023-09-25 19:38:44]: 读取站点最新时间成功！
[INFO] [2023-09-25 19:38:45]: 读取站点最新时间成功！
[INFO] [2023-09-25 19:38:45]: 读取站点最新时间成功！
[INFO] [2023-09-25 19:38:45]: 读取站点最新时间成功！
[INFO] [2023-09-25 19:38:45]: 读取站点最新时间成功！
[INFO] [2023-09-25 19:38:45]: 读取站点最新时间成功！
[INFO] [2023-09-25 19:38:45]: 读取站点最新时间成功！
[INFO] [2023-09-25 19:38:45]: 读取站点最新时间成功！
[INFO] [2023-09-25 19:38:46]: 读取站点最新时间成功！
[INFO] [2023-09-25 19:38:46]: 读取站点最新时间成功！
[INFO] [2023-09-25 19:38:46]: 读取站点最新时间成功！
[INFO] [2023-09-25 19:38:46]: 读取站点最新时间成功！
[INFO] [2023-09-25 19:38:46]: 读取站点最新时间成功！
[INFO] [2023-09-25 19:38:46]: 读取站点最新时间成功！
[INFO] [2023-09-25 19:38:46]: 读取站点最新时间成功！
[INFO] [2023-09-25 19:38:46]: 读取站点最新时间成功！
[INFO] [2023-09-25 19:38:47]: 读取站点最新时间成功！
[INFO] [2023-09-25 19:38:47]: 读取站点最新时间成功！
[INFO] [2023-09-25 19:38:48]: 读取站点最新时间成功！
[INFO] [2023-09-25 19:38:49]: 读取站点最新时间成功！
[INFO] [2023-09-25 19:38:50]: 读取站点最新时间成功！
[INFO] [2023-09-25 19:38:50]: 读取站点最新时间成功！
[INFO] [2023-09-25 19:41:33]: 读取不同的设备编号成功！
[INFO] [2023-09-25 19:51:37]: 删除最新时间成功
[INFO] [2023-09-25 19:52:16]: 删除最新时间成功
[INFO] [2023-09-25 19:52:16]: 更新站点最新时间成功
[INFO] [2023-09-25 19:52:43]: 读取不同的设备编号成功！
[INFO] [2023-09-25 19:52:43]: 读取站点最新时间成功！
[INFO] [2023-09-25 19:52:44]: 读取站点最新时间成功！
[INFO] [2023-09-25 19:52:44]: 读取站点最新时间成功！
[INFO] [2023-09-25 19:52:45]: 读取站点最新时间成功！
[INFO] [2023-09-25 19:52:45]: 读取站点最新时间成功！
[INFO] [2023-09-25 19:52:45]: 读取站点最新时间成功！
[INFO] [2023-09-25 19:52:46]: 读取站点最新时间成功！
[INFO] [2023-09-25 19:52:46]: 读取站点最新时间成功！
[INFO] [2023-09-25 19:52:46]: 读取站点最新时间成功！
[INFO] [2023-09-25 19:52:47]: 读取站点最新时间成功！
[INFO] [2023-09-25 19:52:47]: 读取站点最新时间成功！
[INFO] [2023-09-25 19:52:47]: 读取站点最新时间成功！
[INFO] [2023-09-25 19:52:48]: 读取站点最新时间成功！
[INFO] [2023-09-25 19:52:48]: 读取站点最新时间成功！
[INFO] [2023-09-25 19:52:48]: 读取站点最新时间成功！
[INFO] [2023-09-25 19:52:49]: 读取站点最新时间成功！
[INFO] [2023-09-25 19:52:49]: 读取站点最新时间成功！
[INFO] [2023-09-25 19:52:50]: 读取站点最新时间成功！
[INFO] [2023-09-25 19:52:50]: 读取站点最新时间成功！
[INFO] [2023-09-25 19:52:50]: 读取站点最新时间成功！
[INFO] [2023-09-25 19:52:50]: 读取站点最新时间成功！
[INFO] [2023-09-25 19:52:51]: 读取站点最新时间成功！
[INFO] [2023-09-25 19:52:51]: 读取站点最新时间成功！
[INFO] [2023-09-25 19:52:51]: 读取站点最新时间成功！
[INFO] [2023-09-25 19:52:51]: 读取站点最新时间成功！
[INFO] [2023-09-25 19:52:51]: 读取站点最新时间成功！
[INFO] [2023-09-25 19:52:51]: 读取站点最新时间成功！
[INFO] [2023-09-25 19:52:51]: 读取站点最新时间成功！
[INFO] [2023-09-25 19:52:52]: 读取站点最新时间成功！
[INFO] [2023-09-25 19:52:52]: 读取站点最新时间成功！
[INFO] [2023-09-25 19:52:52]: 读取站点最新时间成功！
[INFO] [2023-09-25 19:52:52]: 读取站点最新时间成功！
[INFO] [2023-09-25 19:52:52]: 读取站点最新时间成功！
[INFO] [2023-09-25 19:52:53]: 读取站点最新时间成功！
[INFO] [2023-09-25 19:52:53]: 读取站点最新时间成功！
[INFO] [2023-09-25 19:52:53]: 读取站点最新时间成功！
[INFO] [2023-09-25 19:52:53]: 读取站点最新时间成功！
[INFO] [2023-09-25 19:52:53]: 读取站点最新时间成功！
[INFO] [2023-09-25 19:52:53]: 读取站点最新时间成功！
[INFO] [2023-09-25 19:52:53]: 读取站点最新时间成功！
[INFO] [2023-09-25 19:52:54]: 读取站点最新时间成功！
[INFO] [2023-09-25 19:52:54]: 读取站点最新时间成功！
[INFO] [2023-09-25 19:52:55]: 读取站点最新时间成功！
[INFO] [2023-09-25 19:52:55]: 读取站点最新时间成功！
[INFO] [2023-09-25 19:52:56]: 读取站点最新时间成功！
[INFO] [2023-09-25 19:52:57]: 读取站点最新时间成功！
[INFO] [2023-09-25 19:52:57]: 读取站点最新时间成功！
[INFO] [2023-09-25 19:52:57]: 读取站点最新时间成功！
[INFO] [2023-09-25 19:52:57]: 读取站点最新时间成功！
[INFO] [2023-09-25 19:52:58]: 读取站点最新时间成功！
[INFO] [2023-09-25 19:52:58]: 读取站点最新时间成功！
[INFO] [2023-09-25 19:52:58]: 读取站点最新时间成功！
[INFO] [2023-09-25 19:52:58]: 读取站点最新时间成功！
[INFO] [2023-09-25 19:52:58]: 读取站点最新时间成功！
[INFO] [2023-09-25 19:52:58]: 读取站点最新时间成功！
[INFO] [2023-09-25 19:52:59]: 读取站点最新时间成功！
[INFO] [2023-09-25 19:52:59]: 读取站点最新时间成功！
[INFO] [2023-09-25 19:52:59]: 读取站点最新时间成功！
[INFO] [2023-09-25 19:52:59]: 读取站点最新时间成功！
[INFO] [2023-09-25 19:53:00]: 读取站点最新时间成功！
[INFO] [2023-09-25 19:53:01]: 读取站点最新时间成功！
[INFO] [2023-09-25 19:53:02]: 读取站点最新时间成功！
[INFO] [2023-09-25 19:53:02]: 读取站点最新时间成功！
[INFO] [2023-09-25 19:53:03]: 读取站点最新时间成功！
[INFO] [2023-09-25 19:53:03]: 读取站点最新时间成功！
[INFO] [2023-09-25 19:53:04]: 读取站点最新时间成功！
[INFO] [2023-09-25 19:53:04]: 读取站点最新时间成功！
[INFO] [2023-09-25 19:53:04]: 读取站点最新时间成功！
[INFO] [2023-09-25 19:53:04]: 读取站点最新时间成功！
[INFO] [2023-09-25 19:53:04]: 读取站点最新时间成功！
[INFO] [2023-09-25 19:53:05]: 读取站点最新时间成功！
[INFO] [2023-09-25 19:53:05]: 读取站点最新时间成功！
[INFO] [2023-09-25 19:53:05]: 读取站点最新时间成功！
[INFO] [2023-09-25 19:53:05]: 读取站点最新时间成功！
[INFO] [2023-09-25 19:53:06]: 读取站点最新时间成功！
[INFO] [2023-09-25 19:53:06]: 读取站点最新时间成功！
[INFO] [2023-09-25 19:53:06]: 读取站点最新时间成功！
[INFO] [2023-09-25 19:53:06]: 读取站点最新时间成功！
[INFO] [2023-09-25 19:53:06]: 读取站点最新时间成功！
[INFO] [2023-09-25 19:53:06]: 读取站点最新时间成功！
[INFO] [2023-09-25 19:53:06]: 读取站点最新时间成功！
[INFO] [2023-09-25 19:53:07]: 读取站点最新时间成功！
[INFO] [2023-09-25 19:53:07]: 读取站点最新时间成功！
[INFO] [2023-09-25 19:53:08]: 读取站点最新时间成功！
[INFO] [2023-09-25 19:53:08]: 读取站点最新时间成功！
[INFO] [2023-09-25 19:53:09]: 读取站点最新时间成功！
[INFO] [2023-09-25 19:53:09]: 读取站点最新时间成功！
[INFO] [2023-09-25 19:53:09]: 读取站点最新时间成功！
[INFO] [2023-09-25 19:53:09]: 读取站点最新时间成功！
[INFO] [2023-09-25 19:53:10]: 读取站点最新时间成功！
[INFO] [2023-09-25 19:53:10]: 读取站点最新时间成功！
[INFO] [2023-09-25 19:53:10]: 读取站点最新时间成功！
[INFO] [2023-09-25 19:53:10]: 读取站点最新时间成功！
[INFO] [2023-09-25 19:53:10]: 读取站点最新时间成功！
[INFO] [2023-09-25 19:53:11]: 读取站点最新时间成功！
[INFO] [2023-09-25 19:53:11]: 读取站点最新时间成功！
[INFO] [2023-09-25 19:53:11]: 读取站点最新时间成功！
[INFO] [2023-09-25 19:53:11]: 读取站点最新时间成功！
[INFO] [2023-09-25 19:53:12]: 读取站点最新时间成功！
[INFO] [2023-09-25 19:53:12]: 读取站点最新时间成功！
[INFO] [2023-09-25 19:53:12]: 读取站点最新时间成功！
[INFO] [2023-09-25 19:53:12]: 读取站点最新时间成功！
[INFO] [2023-09-25 19:53:13]: 读取站点最新时间成功！
[INFO] [2023-09-25 19:53:13]: 读取站点最新时间成功！
[INFO] [2023-09-25 19:53:13]: 读取站点最新时间成功！
[INFO] [2023-09-25 19:53:13]: 读取站点最新时间成功！
[INFO] [2023-09-25 19:53:14]: 读取站点最新时间成功！
[INFO] [2023-09-25 19:53:14]: 读取站点最新时间成功！
[INFO] [2023-09-25 19:53:14]: 读取站点最新时间成功！
[INFO] [2023-09-25 19:53:15]: 读取站点最新时间成功！
[INFO] [2023-09-25 19:53:15]: 读取站点最新时间成功！
[INFO] [2023-09-25 19:53:16]: 读取站点最新时间成功！
[INFO] [2023-09-25 19:53:16]: 读取站点最新时间成功！
[INFO] [2023-09-25 19:53:16]: 读取站点最新时间成功！
[INFO] [2023-09-25 19:53:17]: 读取站点最新时间成功！
[INFO] [2023-09-25 19:53:17]: 读取站点最新时间成功！
[INFO] [2023-09-25 19:53:17]: 读取站点最新时间成功！
[INFO] [2023-09-25 19:53:17]: 读取站点最新时间成功！
[INFO] [2023-09-25 19:53:17]: 读取站点最新时间成功！
[INFO] [2023-09-25 19:53:17]: 读取站点最新时间成功！
[INFO] [2023-09-25 19:53:18]: 读取站点最新时间成功！
[INFO] [2023-09-25 19:53:18]: 读取站点最新时间成功！
[INFO] [2023-09-25 19:53:18]: 读取站点最新时间成功！
[INFO] [2023-09-25 19:53:19]: 读取站点最新时间成功！
[INFO] [2023-09-25 19:53:20]: 读取站点最新时间成功！
[INFO] [2023-09-25 19:53:20]: 读取站点最新时间成功！
[INFO] [2023-09-25 19:53:20]: 读取站点最新时间成功！
[INFO] [2023-09-25 19:53:20]: 读取站点最新时间成功！
[INFO] [2023-09-25 19:53:21]: 读取站点最新时间成功！
[INFO] [2023-09-25 19:53:21]: 读取站点最新时间成功！
[INFO] [2023-09-25 19:53:21]: 读取站点最新时间成功！
[INFO] [2023-09-25 19:53:21]: 读取站点最新时间成功！
[INFO] [2023-09-25 19:53:21]: 读取站点最新时间成功！
[INFO] [2023-09-25 19:53:21]: 读取站点最新时间成功！
[INFO] [2023-09-25 19:53:21]: 读取站点最新时间成功！
[INFO] [2023-09-25 19:53:22]: 读取站点最新时间成功！
[INFO] [2023-09-25 19:53:22]: 读取站点最新时间成功！
[INFO] [2023-09-25 19:53:22]: 读取站点最新时间成功！
[INFO] [2023-09-25 19:53:22]: 读取站点最新时间成功！
[INFO] [2023-09-25 19:53:23]: 读取站点最新时间成功！
[INFO] [2023-09-25 19:53:23]: 读取站点最新时间成功！
[INFO] [2023-09-25 19:53:24]: 读取站点最新时间成功！
[INFO] [2023-09-25 19:53:25]: 读取站点最新时间成功！
[INFO] [2023-09-25 19:53:26]: 读取站点最新时间成功！
[INFO] [2023-09-25 19:53:26]: 读取站点最新时间成功！
[INFO] [2023-09-25 19:53:27]: 读取站点最新时间成功！
[INFO] [2023-09-25 19:53:27]: 读取站点最新时间成功！
[INFO] [2023-09-25 19:53:27]: 读取站点最新时间成功！
[INFO] [2023-09-25 19:53:28]: 读取站点最新时间成功！
[INFO] [2023-09-25 19:53:28]: 读取站点最新时间成功！
[INFO] [2023-09-25 19:53:28]: 读取站点最新时间成功！
[INFO] [2023-09-25 19:53:29]: 读取站点最新时间成功！
[INFO] [2023-09-25 19:53:30]: 读取站点最新时间成功！
[INFO] [2023-09-25 19:53:30]: 读取站点最新时间成功！
[INFO] [2023-09-25 19:53:30]: 读取站点最新时间成功！
[INFO] [2023-09-25 19:53:31]: 读取站点最新时间成功！
[INFO] [2023-09-25 19:53:31]: 读取站点最新时间成功！
[INFO] [2023-09-25 19:53:31]: 读取站点最新时间成功！
[INFO] [2023-09-25 19:53:32]: 读取站点最新时间成功！
[INFO] [2023-09-25 19:53:32]: 读取站点最新时间成功！
[INFO] [2023-09-25 19:53:33]: 读取站点最新时间成功！
[INFO] [2023-09-25 19:53:33]: 读取站点最新时间成功！
[INFO] [2023-09-25 19:53:33]: 读取站点最新时间成功！
[INFO] [2023-09-25 19:53:34]: 读取站点最新时间成功！
[INFO] [2023-09-25 19:53:34]: 读取站点最新时间成功！
[INFO] [2023-09-25 19:53:35]: 读取站点最新时间成功！
[INFO] [2023-09-25 19:53:35]: 读取站点最新时间成功！
[INFO] [2023-09-25 19:53:36]: 读取站点最新时间成功！
[INFO] [2023-09-25 19:53:36]: 读取站点最新时间成功！
[INFO] [2023-09-25 19:53:36]: 读取站点最新时间成功！
[INFO] [2023-09-25 19:53:36]: 读取站点最新时间成功！
[INFO] [2023-09-25 19:53:37]: 读取站点最新时间成功！
[INFO] [2023-09-25 19:53:37]: 读取站点最新时间成功！
[INFO] [2023-09-25 19:53:37]: 读取站点最新时间成功！
[INFO] [2023-09-25 19:53:38]: 读取站点最新时间成功！
[INFO] [2023-09-25 19:53:38]: 读取站点最新时间成功！
[INFO] [2023-09-25 19:53:38]: 读取站点最新时间成功！
[INFO] [2023-09-25 19:53:38]: 读取站点最新时间成功！
[INFO] [2023-09-25 19:53:38]: 读取站点最新时间成功！
[INFO] [2023-09-25 19:53:39]: 读取站点最新时间成功！
[INFO] [2023-09-25 19:53:39]: 读取站点最新时间成功！
[INFO] [2023-09-25 19:53:39]: 读取站点最新时间成功！
[INFO] [2023-09-25 19:53:40]: 读取站点最新时间成功！
[INFO] [2023-09-25 19:53:40]: 读取站点最新时间成功！
[INFO] [2023-09-25 19:53:41]: 读取站点最新时间成功！
[INFO] [2023-09-25 19:53:41]: 读取站点最新时间成功！
[INFO] [2023-09-25 19:53:41]: 读取站点最新时间成功！
[INFO] [2023-09-25 19:53:42]: 读取站点最新时间成功！
[INFO] [2023-09-25 19:53:43]: 读取站点最新时间成功！
[INFO] [2023-09-25 19:53:43]: 读取站点最新时间成功！
[INFO] [2023-09-25 19:53:44]: 读取站点最新时间成功！
[INFO] [2023-09-25 19:53:44]: 读取站点最新时间成功！
[INFO] [2023-09-25 19:53:45]: 读取站点最新时间成功！
[INFO] [2023-09-25 19:53:45]: 读取站点最新时间成功！
[INFO] [2023-09-25 19:53:45]: 读取站点最新时间成功！
[INFO] [2023-09-25 19:53:46]: 读取站点最新时间成功！
[INFO] [2023-09-25 19:53:46]: 读取站点最新时间成功！
[INFO] [2023-09-25 19:53:46]: 读取站点最新时间成功！
[INFO] [2023-09-25 19:53:46]: 读取站点最新时间成功！
[INFO] [2023-09-25 19:53:46]: 读取站点最新时间成功！
[INFO] [2023-09-25 19:53:46]: 读取站点最新时间成功！
[INFO] [2023-09-25 19:53:47]: 读取站点最新时间成功！
[INFO] [2023-09-25 19:53:47]: 读取站点最新时间成功！
[INFO] [2023-09-25 19:53:47]: 读取站点最新时间成功！
[INFO] [2023-09-25 19:53:48]: 读取站点最新时间成功！
[INFO] [2023-09-25 19:53:48]: 读取站点最新时间成功！
[INFO] [2023-09-25 19:53:48]: 读取站点最新时间成功！
[INFO] [2023-09-25 19:53:48]: 读取站点最新时间成功！
[INFO] [2023-09-25 19:53:48]: 读取站点最新时间成功！
[INFO] [2023-09-25 19:53:49]: 读取站点最新时间成功！
[INFO] [2023-09-25 19:53:49]: 读取站点最新时间成功！
[INFO] [2023-09-25 19:53:49]: 读取站点最新时间成功！
[INFO] [2023-09-25 19:53:49]: 读取站点最新时间成功！
[INFO] [2023-09-25 19:53:50]: 读取站点最新时间成功！
[INFO] [2023-09-25 19:53:50]: 读取站点最新时间成功！
[INFO] [2023-09-25 19:53:50]: 读取站点最新时间成功！
[INFO] [2023-09-25 19:53:50]: 读取站点最新时间成功！
[INFO] [2023-09-25 19:53:50]: 读取站点最新时间成功！
[INFO] [2023-09-25 19:53:51]: 读取站点最新时间成功！
[INFO] [2023-09-25 19:53:51]: 读取站点最新时间成功！
[INFO] [2023-09-25 19:53:51]: 读取站点最新时间成功！
[INFO] [2023-09-25 19:53:52]: 读取站点最新时间成功！
[INFO] [2023-09-25 19:53:52]: 读取站点最新时间成功！
[INFO] [2023-09-25 19:53:52]: 读取站点最新时间成功！
[INFO] [2023-09-25 19:53:52]: 读取站点最新时间成功！
[INFO] [2023-09-25 19:53:53]: 读取站点最新时间成功！
[INFO] [2023-09-25 19:53:54]: 读取站点最新时间成功！
[INFO] [2023-09-25 19:53:54]: 读取站点最新时间成功！
[INFO] [2023-09-25 19:53:55]: 读取站点最新时间成功！
[INFO] [2023-09-25 19:53:55]: 读取站点最新时间成功！
[INFO] [2023-09-25 19:53:55]: 读取站点最新时间成功！
[INFO] [2023-09-25 19:53:56]: 读取站点最新时间成功！
[INFO] [2023-09-25 19:53:56]: 读取站点最新时间成功！
[INFO] [2023-09-25 19:53:56]: 读取站点最新时间成功！
[INFO] [2023-09-25 19:53:57]: 读取站点最新时间成功！
[INFO] [2023-09-25 19:53:57]: 读取站点最新时间成功！
[INFO] [2023-09-25 19:53:57]: 读取站点最新时间成功！
[INFO] [2023-09-25 19:53:58]: 读取站点最新时间成功！
[INFO] [2023-09-25 19:53:58]: 读取站点最新时间成功！
[INFO] [2023-09-25 19:53:58]: 读取站点最新时间成功！
[INFO] [2023-09-25 19:53:58]: 读取站点最新时间成功！
[INFO] [2023-09-25 19:53:59]: 读取站点最新时间成功！
[INFO] [2023-09-25 19:53:59]: 读取站点最新时间成功！
[INFO] [2023-09-25 19:53:59]: 读取站点最新时间成功！
[INFO] [2023-09-25 19:54:00]: 读取站点最新时间成功！
[INFO] [2023-09-25 19:54:00]: 读取站点最新时间成功！
[INFO] [2023-09-25 19:54:00]: 读取站点最新时间成功！
[INFO] [2023-09-25 19:54:00]: 读取站点最新时间成功！
[INFO] [2023-09-25 19:54:00]: 读取站点最新时间成功！
[INFO] [2023-09-25 19:54:01]: 读取站点最新时间成功！
[INFO] [2023-09-25 19:54:01]: 读取站点最新时间成功！
[INFO] [2023-09-25 19:54:01]: 读取站点最新时间成功！
[INFO] [2023-09-25 19:54:01]: 读取站点最新时间成功！
[INFO] [2023-09-25 19:54:01]: 读取站点最新时间成功！
[INFO] [2023-09-25 19:54:02]: 读取站点最新时间成功！
[INFO] [2023-09-25 19:54:02]: 读取站点最新时间成功！
[INFO] [2023-09-25 19:54:02]: 读取站点最新时间成功！
[INFO] [2023-09-25 19:54:02]: 读取站点最新时间成功！
[INFO] [2023-09-25 19:54:02]: 读取站点最新时间成功！
[INFO] [2023-09-25 19:54:03]: 读取站点最新时间成功！
[INFO] [2023-09-25 19:54:03]: 读取站点最新时间成功！
[INFO] [2023-09-25 19:54:03]: 读取站点最新时间成功！
[INFO] [2023-09-25 19:54:03]: 读取站点最新时间成功！
[INFO] [2023-09-25 19:54:04]: 读取站点最新时间成功！
[INFO] [2023-09-25 19:54:04]: 读取站点最新时间成功！
[INFO] [2023-09-25 19:54:05]: 读取站点最新时间成功！
[INFO] [2023-09-25 19:54:05]: 读取站点最新时间成功！
[INFO] [2023-09-25 19:54:05]: 读取站点最新时间成功！
[INFO] [2023-09-25 19:54:05]: 读取站点最新时间成功！
[INFO] [2023-09-25 19:54:06]: 读取站点最新时间成功！
[INFO] [2023-09-25 19:54:06]: 读取站点最新时间成功！
[INFO] [2023-09-25 19:54:06]: 读取站点最新时间成功！
[INFO] [2023-09-25 19:54:06]: 读取站点最新时间成功！
[INFO] [2023-09-25 19:54:06]: 读取站点最新时间成功！
[INFO] [2023-09-25 19:54:07]: 读取站点最新时间成功！
[INFO] [2023-09-25 19:54:07]: 读取站点最新时间成功！
[INFO] [2023-09-25 19:54:07]: 读取站点最新时间成功！
[INFO] [2023-09-25 19:54:07]: 读取站点最新时间成功！
[INFO] [2023-09-25 19:54:07]: 读取站点最新时间成功！
[INFO] [2023-09-25 19:54:07]: 读取站点最新时间成功！
[INFO] [2023-09-25 19:54:08]: 读取站点最新时间成功！
[INFO] [2023-09-25 19:54:08]: 读取站点最新时间成功！
[INFO] [2023-09-25 19:54:08]: 读取站点最新时间成功！
[INFO] [2023-09-25 19:54:08]: 读取站点最新时间成功！
[INFO] [2023-09-25 19:54:08]: 读取站点最新时间成功！
[INFO] [2023-09-25 19:54:08]: 读取站点最新时间成功！
[INFO] [2023-09-25 19:54:08]: 读取站点最新时间成功！
[INFO] [2023-09-25 19:54:09]: 读取站点最新时间成功！
[INFO] [2023-09-25 19:54:09]: 读取站点最新时间成功！
[INFO] [2023-09-25 19:54:09]: 读取站点最新时间成功！
[INFO] [2023-09-25 19:54:09]: 读取站点最新时间成功！
[INFO] [2023-09-25 19:54:09]: 读取站点最新时间成功！
[INFO] [2023-09-25 19:54:09]: 读取站点最新时间成功！
[INFO] [2023-09-25 19:54:09]: 读取站点最新时间成功！
[INFO] [2023-09-25 19:54:10]: 读取站点最新时间成功！
[INFO] [2023-09-25 19:54:10]: 读取站点最新时间成功！
[INFO] [2023-09-25 19:54:11]: 读取站点最新时间成功！
[INFO] [2023-09-25 19:54:11]: 读取站点最新时间成功！
[INFO] [2023-09-25 19:54:12]: 读取站点最新时间成功！
[INFO] [2023-09-25 19:54:13]: 读取站点最新时间成功！
[INFO] [2023-09-25 19:54:13]: 读取站点最新时间成功！
[INFO] [2023-09-25 19:54:14]: 删除最新时间成功
[INFO] [2023-09-25 19:56:39]: 读取不同的设备编号成功！
[INFO] [2023-09-25 19:56:39]: 读取站点最新时间成功！
[INFO] [2023-09-25 19:56:40]: 读取站点最新时间成功！
[INFO] [2023-09-25 19:56:40]: 读取站点最新时间成功！
[INFO] [2023-09-25 19:56:41]: 读取站点最新时间成功！
[INFO] [2023-09-25 19:56:41]: 读取站点最新时间成功！
[INFO] [2023-09-25 19:56:41]: 读取站点最新时间成功！
[INFO] [2023-09-25 19:56:41]: 读取站点最新时间成功！
[INFO] [2023-09-25 19:56:42]: 读取站点最新时间成功！
[INFO] [2023-09-25 19:56:42]: 读取站点最新时间成功！
[INFO] [2023-09-25 19:56:43]: 读取站点最新时间成功！
[INFO] [2023-09-25 19:56:43]: 读取站点最新时间成功！
[INFO] [2023-09-25 19:56:43]: 读取站点最新时间成功！
[INFO] [2023-09-25 19:56:43]: 读取站点最新时间成功！
[INFO] [2023-09-25 19:56:44]: 读取站点最新时间成功！
[INFO] [2023-09-25 19:56:44]: 读取站点最新时间成功！
[INFO] [2023-09-25 19:56:44]: 读取站点最新时间成功！
[INFO] [2023-09-25 19:56:45]: 读取站点最新时间成功！
[INFO] [2023-09-25 19:56:45]: 读取站点最新时间成功！
[INFO] [2023-09-25 19:56:46]: 读取站点最新时间成功！
[INFO] [2023-09-25 19:56:46]: 读取站点最新时间成功！
[INFO] [2023-09-25 19:56:46]: 读取站点最新时间成功！
[INFO] [2023-09-25 19:56:46]: 读取站点最新时间成功！
[INFO] [2023-09-25 19:56:47]: 读取站点最新时间成功！
[INFO] [2023-09-25 19:56:47]: 读取站点最新时间成功！
[INFO] [2023-09-25 19:56:47]: 读取站点最新时间成功！
[INFO] [2023-09-25 19:56:47]: 读取站点最新时间成功！
[INFO] [2023-09-25 19:56:47]: 读取站点最新时间成功！
[INFO] [2023-09-25 19:56:48]: 读取站点最新时间成功！
[INFO] [2023-09-25 19:56:48]: 读取站点最新时间成功！
[INFO] [2023-09-25 19:56:48]: 读取站点最新时间成功！
[INFO] [2023-09-25 19:56:48]: 读取站点最新时间成功！
[INFO] [2023-09-25 19:56:48]: 读取站点最新时间成功！
[INFO] [2023-09-25 19:56:48]: 读取站点最新时间成功！
[INFO] [2023-09-25 19:56:49]: 读取站点最新时间成功！
[INFO] [2023-09-25 19:56:49]: 读取站点最新时间成功！
[INFO] [2023-09-25 19:56:49]: 读取站点最新时间成功！
[INFO] [2023-09-25 19:56:49]: 读取站点最新时间成功！
[INFO] [2023-09-25 19:56:49]: 读取站点最新时间成功！
[INFO] [2023-09-25 19:56:50]: 读取站点最新时间成功！
[INFO] [2023-09-25 19:56:50]: 读取站点最新时间成功！
[INFO] [2023-09-25 19:56:50]: 读取站点最新时间成功！
[INFO] [2023-09-25 19:56:50]: 读取站点最新时间成功！
[INFO] [2023-09-25 19:56:51]: 读取站点最新时间成功！
[INFO] [2023-09-25 19:56:52]: 读取站点最新时间成功！
[INFO] [2023-09-25 19:56:52]: 读取站点最新时间成功！
[INFO] [2023-09-25 19:56:53]: 读取站点最新时间成功！
[INFO] [2023-09-25 19:56:53]: 读取站点最新时间成功！
[INFO] [2023-09-25 19:56:54]: 读取站点最新时间成功！
[INFO] [2023-09-25 19:56:54]: 读取站点最新时间成功！
[INFO] [2023-09-25 19:56:54]: 读取站点最新时间成功！
[INFO] [2023-09-25 19:56:54]: 读取站点最新时间成功！
[INFO] [2023-09-25 19:56:54]: 读取站点最新时间成功！
[INFO] [2023-09-25 19:56:54]: 读取站点最新时间成功！
[INFO] [2023-09-25 19:56:55]: 读取站点最新时间成功！
[INFO] [2023-09-25 19:56:55]: 读取站点最新时间成功！
[INFO] [2023-09-25 19:56:55]: 读取站点最新时间成功！
[INFO] [2023-09-25 19:56:55]: 读取站点最新时间成功！
[INFO] [2023-09-25 19:56:55]: 读取站点最新时间成功！
[INFO] [2023-09-25 19:56:56]: 读取站点最新时间成功！
[INFO] [2023-09-25 19:56:57]: 读取站点最新时间成功！
[INFO] [2023-09-25 19:56:57]: 读取站点最新时间成功！
[INFO] [2023-09-25 19:56:58]: 读取站点最新时间成功！
[INFO] [2023-09-25 19:56:58]: 读取站点最新时间成功！
[INFO] [2023-09-25 19:56:59]: 读取站点最新时间成功！
[INFO] [2023-09-25 19:57:00]: 读取站点最新时间成功！
[INFO] [2023-09-25 19:57:00]: 读取站点最新时间成功！
[INFO] [2023-09-25 19:57:00]: 读取站点最新时间成功！
[INFO] [2023-09-25 19:57:00]: 读取站点最新时间成功！
[INFO] [2023-09-25 19:57:01]: 读取站点最新时间成功！
[INFO] [2023-09-25 19:57:01]: 读取站点最新时间成功！
[INFO] [2023-09-25 19:57:01]: 读取站点最新时间成功！
[INFO] [2023-09-25 19:57:01]: 读取站点最新时间成功！
[INFO] [2023-09-25 19:57:01]: 读取站点最新时间成功！
[INFO] [2023-09-25 19:57:02]: 读取站点最新时间成功！
[INFO] [2023-09-25 19:57:02]: 读取站点最新时间成功！
[INFO] [2023-09-25 19:57:03]: 读取站点最新时间成功！
[INFO] [2023-09-25 19:57:03]: 读取站点最新时间成功！
[INFO] [2023-09-25 19:57:03]: 读取站点最新时间成功！
[INFO] [2023-09-25 19:57:03]: 读取站点最新时间成功！
[INFO] [2023-09-25 19:57:03]: 读取站点最新时间成功！
[INFO] [2023-09-25 19:57:03]: 读取站点最新时间成功！
[INFO] [2023-09-25 19:57:03]: 读取站点最新时间成功！
[INFO] [2023-09-25 19:57:04]: 读取站点最新时间成功！
[INFO] [2023-09-25 19:57:04]: 读取站点最新时间成功！
[INFO] [2023-09-25 19:57:05]: 读取站点最新时间成功！
[INFO] [2023-09-25 19:57:05]: 读取站点最新时间成功！
[INFO] [2023-09-25 19:57:06]: 读取站点最新时间成功！
[INFO] [2023-09-25 19:57:06]: 读取站点最新时间成功！
[INFO] [2023-09-25 19:57:06]: 读取站点最新时间成功！
[INFO] [2023-09-25 19:57:07]: 读取站点最新时间成功！
[INFO] [2023-09-25 19:57:07]: 读取站点最新时间成功！
[INFO] [2023-09-25 19:57:07]: 读取站点最新时间成功！
[INFO] [2023-09-25 19:57:07]: 读取站点最新时间成功！
[INFO] [2023-09-25 19:57:07]: 读取站点最新时间成功！
[INFO] [2023-09-25 19:57:08]: 读取站点最新时间成功！
[INFO] [2023-09-25 19:57:08]: 读取站点最新时间成功！
[INFO] [2023-09-25 19:57:08]: 读取站点最新时间成功！
[INFO] [2023-09-25 19:57:08]: 读取站点最新时间成功！
[INFO] [2023-09-25 19:57:09]: 读取站点最新时间成功！
[INFO] [2023-09-25 19:57:09]: 读取站点最新时间成功！
[INFO] [2023-09-25 19:57:09]: 读取站点最新时间成功！
[INFO] [2023-09-25 19:57:09]: 读取站点最新时间成功！
[INFO] [2023-09-25 19:57:10]: 读取站点最新时间成功！
[INFO] [2023-09-25 19:57:10]: 读取站点最新时间成功！
[INFO] [2023-09-25 19:57:10]: 读取站点最新时间成功！
[INFO] [2023-09-25 19:57:11]: 读取站点最新时间成功！
[INFO] [2023-09-25 19:57:11]: 读取站点最新时间成功！
[INFO] [2023-09-25 19:57:11]: 读取站点最新时间成功！
[INFO] [2023-09-25 19:57:12]: 读取站点最新时间成功！
[INFO] [2023-09-25 19:57:12]: 读取站点最新时间成功！
[INFO] [2023-09-25 19:57:12]: 读取站点最新时间成功！
[INFO] [2023-09-25 19:57:13]: 读取站点最新时间成功！
[INFO] [2023-09-25 19:57:13]: 读取站点最新时间成功！
[INFO] [2023-09-25 19:57:13]: 读取站点最新时间成功！
[INFO] [2023-09-25 19:57:14]: 读取站点最新时间成功！
[INFO] [2023-09-25 19:57:14]: 读取站点最新时间成功！
[INFO] [2023-09-25 19:57:14]: 读取站点最新时间成功！
[INFO] [2023-09-25 19:57:14]: 读取站点最新时间成功！
[INFO] [2023-09-25 19:57:14]: 读取站点最新时间成功！
[INFO] [2023-09-25 19:57:14]: 读取站点最新时间成功！
[INFO] [2023-09-25 19:57:15]: 读取站点最新时间成功！
[INFO] [2023-09-25 19:57:15]: 读取站点最新时间成功！
[INFO] [2023-09-25 19:57:15]: 读取站点最新时间成功！
[INFO] [2023-09-25 19:57:16]: 读取站点最新时间成功！
[INFO] [2023-09-25 19:57:17]: 读取站点最新时间成功！
[INFO] [2023-09-25 19:57:17]: 读取站点最新时间成功！
[INFO] [2023-09-25 19:57:17]: 读取站点最新时间成功！
[INFO] [2023-09-25 19:57:17]: 读取站点最新时间成功！
[INFO] [2023-09-25 19:57:17]: 读取站点最新时间成功！
[INFO] [2023-09-25 19:57:18]: 读取站点最新时间成功！
[INFO] [2023-09-25 19:57:18]: 读取站点最新时间成功！
[INFO] [2023-09-25 19:57:18]: 读取站点最新时间成功！
[INFO] [2023-09-25 19:57:18]: 读取站点最新时间成功！
[INFO] [2023-09-25 19:57:18]: 读取站点最新时间成功！
[INFO] [2023-09-25 19:57:18]: 读取站点最新时间成功！
[INFO] [2023-09-25 19:57:18]: 读取站点最新时间成功！
[INFO] [2023-09-25 19:57:19]: 读取站点最新时间成功！
[INFO] [2023-09-25 19:57:19]: 读取站点最新时间成功！
[INFO] [2023-09-25 19:57:19]: 读取站点最新时间成功！
[INFO] [2023-09-25 19:57:20]: 读取站点最新时间成功！
[INFO] [2023-09-25 19:57:20]: 读取站点最新时间成功！
[INFO] [2023-09-25 19:57:21]: 读取站点最新时间成功！
[INFO] [2023-09-25 19:57:22]: 读取站点最新时间成功！
[INFO] [2023-09-25 19:57:23]: 读取站点最新时间成功！
[INFO] [2023-09-25 19:57:23]: 读取站点最新时间成功！
[INFO] [2023-09-25 19:57:23]: 读取站点最新时间成功！
[INFO] [2023-09-25 19:57:24]: 读取站点最新时间成功！
[INFO] [2023-09-25 19:57:24]: 读取站点最新时间成功！
[INFO] [2023-09-25 19:57:24]: 读取站点最新时间成功！
[INFO] [2023-09-25 19:57:25]: 读取站点最新时间成功！
[INFO] [2023-09-25 19:57:25]: 读取站点最新时间成功！
[INFO] [2023-09-25 19:57:26]: 读取站点最新时间成功！
[INFO] [2023-09-25 19:57:26]: 读取站点最新时间成功！
[INFO] [2023-09-25 19:57:27]: 读取站点最新时间成功！
[INFO] [2023-09-25 19:57:27]: 读取站点最新时间成功！
[INFO] [2023-09-25 19:57:27]: 读取站点最新时间成功！
[INFO] [2023-09-25 19:57:27]: 读取站点最新时间成功！
[INFO] [2023-09-25 19:57:28]: 读取站点最新时间成功！
[INFO] [2023-09-25 19:57:29]: 读取站点最新时间成功！
[INFO] [2023-09-25 19:57:29]: 读取站点最新时间成功！
[INFO] [2023-09-25 19:57:30]: 读取站点最新时间成功！
[INFO] [2023-09-25 19:57:30]: 读取站点最新时间成功！
[INFO] [2023-09-25 19:57:30]: 读取站点最新时间成功！
[INFO] [2023-09-25 19:57:31]: 读取站点最新时间成功！
[INFO] [2023-09-25 19:57:31]: 读取站点最新时间成功！
[INFO] [2023-09-25 19:57:32]: 读取站点最新时间成功！
[INFO] [2023-09-25 19:57:32]: 读取站点最新时间成功！
[INFO] [2023-09-25 19:57:33]: 读取站点最新时间成功！
[INFO] [2023-09-25 19:57:33]: 读取站点最新时间成功！
[INFO] [2023-09-25 19:57:33]: 读取站点最新时间成功！
[INFO] [2023-09-25 19:57:34]: 读取站点最新时间成功！
[INFO] [2023-09-25 19:57:34]: 读取站点最新时间成功！
[INFO] [2023-09-25 19:57:34]: 读取站点最新时间成功！
[INFO] [2023-09-25 19:57:34]: 读取站点最新时间成功！
[INFO] [2023-09-25 19:57:35]: 读取站点最新时间成功！
[INFO] [2023-09-25 19:57:35]: 读取站点最新时间成功！
[INFO] [2023-09-25 19:57:35]: 读取站点最新时间成功！
[INFO] [2023-09-25 19:57:35]: 读取站点最新时间成功！
[INFO] [2023-09-25 19:57:35]: 读取站点最新时间成功！
[INFO] [2023-09-25 19:57:36]: 读取站点最新时间成功！
[INFO] [2023-09-25 19:57:36]: 读取站点最新时间成功！
[INFO] [2023-09-25 19:57:37]: 读取站点最新时间成功！
[INFO] [2023-09-25 19:57:37]: 读取站点最新时间成功！
[INFO] [2023-09-25 19:57:38]: 读取站点最新时间成功！
[INFO] [2023-09-25 19:57:38]: 读取站点最新时间成功！
[INFO] [2023-09-25 19:57:38]: 读取站点最新时间成功！
[INFO] [2023-09-25 19:57:38]: 读取站点最新时间成功！
[INFO] [2023-09-25 19:57:40]: 读取站点最新时间成功！
[INFO] [2023-09-25 19:57:40]: 读取站点最新时间成功！
[INFO] [2023-09-25 19:57:41]: 读取站点最新时间成功！
[INFO] [2023-09-25 19:57:41]: 读取站点最新时间成功！
[INFO] [2023-09-25 19:57:42]: 读取站点最新时间成功！
[INFO] [2023-09-25 19:57:42]: 读取站点最新时间成功！
[INFO] [2023-09-25 19:57:43]: 读取站点最新时间成功！
[INFO] [2023-09-25 19:57:43]: 读取站点最新时间成功！
[INFO] [2023-09-25 19:57:43]: 读取站点最新时间成功！
[INFO] [2023-09-25 19:57:43]: 读取站点最新时间成功！
[INFO] [2023-09-25 19:57:44]: 读取站点最新时间成功！
[INFO] [2023-09-25 19:57:44]: 读取站点最新时间成功！
[INFO] [2023-09-25 19:57:44]: 读取站点最新时间成功！
[INFO] [2023-09-25 19:57:44]: 读取站点最新时间成功！
[INFO] [2023-09-25 19:57:44]: 读取站点最新时间成功！
[INFO] [2023-09-25 19:57:45]: 读取站点最新时间成功！
[INFO] [2023-09-25 19:57:45]: 读取站点最新时间成功！
[INFO] [2023-09-25 19:57:45]: 读取站点最新时间成功！
[INFO] [2023-09-25 19:57:45]: 读取站点最新时间成功！
[INFO] [2023-09-25 19:57:46]: 读取站点最新时间成功！
[INFO] [2023-09-25 19:57:46]: 读取站点最新时间成功！
[INFO] [2023-09-25 19:57:46]: 读取站点最新时间成功！
[INFO] [2023-09-25 19:57:46]: 读取站点最新时间成功！
[INFO] [2023-09-25 19:57:47]: 读取站点最新时间成功！
[INFO] [2023-09-25 19:57:47]: 读取站点最新时间成功！
[INFO] [2023-09-25 19:57:47]: 读取站点最新时间成功！
[INFO] [2023-09-25 19:57:47]: 读取站点最新时间成功！
[INFO] [2023-09-25 19:57:48]: 读取站点最新时间成功！
[INFO] [2023-09-25 19:57:48]: 读取站点最新时间成功！
[INFO] [2023-09-25 19:57:48]: 读取站点最新时间成功！
[INFO] [2023-09-25 19:57:48]: 读取站点最新时间成功！
[INFO] [2023-09-25 19:57:48]: 读取站点最新时间成功！
[INFO] [2023-09-25 19:57:48]: 读取站点最新时间成功！
[INFO] [2023-09-25 19:57:49]: 读取站点最新时间成功！
[INFO] [2023-09-25 19:57:50]: 读取站点最新时间成功！
[INFO] [2023-09-25 19:57:50]: 读取站点最新时间成功！
[INFO] [2023-09-25 19:57:50]: 读取站点最新时间成功！
[INFO] [2023-09-25 19:57:50]: 读取站点最新时间成功！
[INFO] [2023-09-25 19:57:50]: 读取站点最新时间成功！
[INFO] [2023-09-25 19:57:51]: 读取站点最新时间成功！
[INFO] [2023-09-25 19:57:52]: 读取站点最新时间成功！
[INFO] [2023-09-25 19:57:53]: 读取站点最新时间成功！
[INFO] [2023-09-25 19:57:53]: 读取站点最新时间成功！
[INFO] [2023-09-25 19:57:53]: 读取站点最新时间成功！
[INFO] [2023-09-25 19:57:54]: 读取站点最新时间成功！
[INFO] [2023-09-25 19:57:54]: 读取站点最新时间成功！
[INFO] [2023-09-25 19:57:54]: 读取站点最新时间成功！
[INFO] [2023-09-25 19:57:55]: 读取站点最新时间成功！
[INFO] [2023-09-25 19:57:55]: 读取站点最新时间成功！
[INFO] [2023-09-25 19:57:56]: 读取站点最新时间成功！
[INFO] [2023-09-25 19:57:56]: 读取站点最新时间成功！
[INFO] [2023-09-25 19:57:56]: 读取站点最新时间成功！
[INFO] [2023-09-25 19:57:56]: 读取站点最新时间成功！
[INFO] [2023-09-25 19:57:56]: 读取站点最新时间成功！
[INFO] [2023-09-25 19:57:57]: 读取站点最新时间成功！
[INFO] [2023-09-25 19:57:57]: 读取站点最新时间成功！
[INFO] [2023-09-25 19:57:57]: 读取站点最新时间成功！
[INFO] [2023-09-25 19:57:58]: 读取站点最新时间成功！
[INFO] [2023-09-25 19:57:58]: 读取站点最新时间成功！
[INFO] [2023-09-25 19:57:58]: 读取站点最新时间成功！
[INFO] [2023-09-25 19:57:58]: 读取站点最新时间成功！
[INFO] [2023-09-25 19:57:59]: 读取站点最新时间成功！
[INFO] [2023-09-25 19:57:59]: 读取站点最新时间成功！
[INFO] [2023-09-25 19:57:59]: 读取站点最新时间成功！
[INFO] [2023-09-25 19:57:59]: 读取站点最新时间成功！
[INFO] [2023-09-25 19:57:59]: 读取站点最新时间成功！
[INFO] [2023-09-25 19:58:00]: 读取站点最新时间成功！
[INFO] [2023-09-25 19:58:00]: 读取站点最新时间成功！
[INFO] [2023-09-25 19:58:00]: 读取站点最新时间成功！
[INFO] [2023-09-25 19:58:00]: 读取站点最新时间成功！
[INFO] [2023-09-25 19:58:00]: 读取站点最新时间成功！
[INFO] [2023-09-25 19:58:01]: 读取站点最新时间成功！
[INFO] [2023-09-25 19:58:01]: 读取站点最新时间成功！
[INFO] [2023-09-25 19:58:01]: 读取站点最新时间成功！
[INFO] [2023-09-25 19:58:01]: 读取站点最新时间成功！
[INFO] [2023-09-25 19:58:01]: 读取站点最新时间成功！
[INFO] [2023-09-25 19:58:02]: 读取站点最新时间成功！
[INFO] [2023-09-25 19:58:02]: 读取站点最新时间成功！
[INFO] [2023-09-25 19:58:03]: 读取站点最新时间成功！
[INFO] [2023-09-25 19:58:03]: 读取站点最新时间成功！
[INFO] [2023-09-25 19:58:03]: 读取站点最新时间成功！
[INFO] [2023-09-25 19:58:03]: 读取站点最新时间成功！
[INFO] [2023-09-25 19:58:04]: 读取站点最新时间成功！
[INFO] [2023-09-25 19:58:04]: 读取站点最新时间成功！
[INFO] [2023-09-25 19:58:04]: 读取站点最新时间成功！
[INFO] [2023-09-25 19:58:04]: 读取站点最新时间成功！
[INFO] [2023-09-25 19:58:04]: 读取站点最新时间成功！
[INFO] [2023-09-25 19:58:05]: 读取站点最新时间成功！
[INFO] [2023-09-25 19:58:05]: 读取站点最新时间成功！
[INFO] [2023-09-25 19:58:05]: 读取站点最新时间成功！
[INFO] [2023-09-25 19:58:05]: 读取站点最新时间成功！
[INFO] [2023-09-25 19:58:05]: 读取站点最新时间成功！
[INFO] [2023-09-25 19:58:05]: 读取站点最新时间成功！
[INFO] [2023-09-25 19:58:06]: 读取站点最新时间成功！
[INFO] [2023-09-25 19:58:06]: 读取站点最新时间成功！
[INFO] [2023-09-25 19:58:06]: 读取站点最新时间成功！
[INFO] [2023-09-25 19:58:06]: 读取站点最新时间成功！
[INFO] [2023-09-25 19:58:06]: 读取站点最新时间成功！
[INFO] [2023-09-25 19:58:06]: 读取站点最新时间成功！
[INFO] [2023-09-25 19:58:06]: 读取站点最新时间成功！
[INFO] [2023-09-25 19:58:07]: 读取站点最新时间成功！
[INFO] [2023-09-25 19:58:07]: 读取站点最新时间成功！
[INFO] [2023-09-25 19:58:07]: 读取站点最新时间成功！
[INFO] [2023-09-25 19:58:07]: 读取站点最新时间成功！
[INFO] [2023-09-25 19:58:07]: 读取站点最新时间成功！
[INFO] [2023-09-25 19:58:07]: 读取站点最新时间成功！
[INFO] [2023-09-25 19:58:08]: 读取站点最新时间成功！
[INFO] [2023-09-25 19:58:08]: 读取站点最新时间成功！
[INFO] [2023-09-25 19:58:08]: 读取站点最新时间成功！
[INFO] [2023-09-25 19:58:09]: 读取站点最新时间成功！
[INFO] [2023-09-25 19:58:09]: 读取站点最新时间成功！
[INFO] [2023-09-25 19:58:10]: 读取站点最新时间成功！
[INFO] [2023-09-25 19:58:11]: 读取站点最新时间成功！
[INFO] [2023-09-25 19:58:11]: 读取站点最新时间成功！
[INFO] [2023-09-25 19:58:12]: 删除最新时间成功
[INFO] [2023-09-25 19:59:37]: 读取不同的设备编号成功！
[INFO] [2023-09-25 19:59:37]: 读取站点最新时间成功！
[INFO] [2023-09-25 19:59:38]: 读取站点最新时间成功！
[INFO] [2023-09-25 19:59:38]: 读取站点最新时间成功！
[INFO] [2023-09-25 19:59:39]: 读取站点最新时间成功！
[INFO] [2023-09-25 19:59:39]: 读取站点最新时间成功！
[INFO] [2023-09-25 19:59:39]: 读取站点最新时间成功！
[INFO] [2023-09-25 19:59:39]: 读取站点最新时间成功！
[INFO] [2023-09-25 19:59:40]: 读取站点最新时间成功！
[INFO] [2023-09-25 19:59:40]: 读取站点最新时间成功！
[INFO] [2023-09-25 19:59:41]: 读取站点最新时间成功！
[INFO] [2023-09-25 19:59:41]: 读取站点最新时间成功！
[INFO] [2023-09-25 19:59:41]: 读取站点最新时间成功！
[INFO] [2023-09-25 19:59:42]: 读取站点最新时间成功！
[INFO] [2023-09-25 19:59:42]: 读取站点最新时间成功！
[INFO] [2023-09-25 19:59:42]: 读取站点最新时间成功！
[INFO] [2023-09-25 19:59:42]: 读取站点最新时间成功！
[INFO] [2023-09-25 19:59:43]: 读取站点最新时间成功！
[INFO] [2023-09-25 19:59:43]: 读取站点最新时间成功！
[INFO] [2023-09-25 19:59:44]: 读取站点最新时间成功！
[INFO] [2023-09-25 19:59:44]: 读取站点最新时间成功！
[INFO] [2023-09-25 19:59:44]: 读取站点最新时间成功！
[INFO] [2023-09-25 19:59:44]: 读取站点最新时间成功！
[INFO] [2023-09-25 19:59:45]: 读取站点最新时间成功！
[INFO] [2023-09-25 19:59:45]: 读取站点最新时间成功！
[INFO] [2023-09-25 19:59:45]: 读取站点最新时间成功！
[INFO] [2023-09-25 19:59:45]: 读取站点最新时间成功！
[INFO] [2023-09-25 19:59:45]: 读取站点最新时间成功！
[INFO] [2023-09-25 19:59:45]: 读取站点最新时间成功！
[INFO] [2023-09-25 19:59:46]: 读取站点最新时间成功！
[INFO] [2023-09-25 19:59:46]: 读取站点最新时间成功！
[INFO] [2023-09-25 19:59:46]: 读取站点最新时间成功！
[INFO] [2023-09-25 19:59:46]: 读取站点最新时间成功！
[INFO] [2023-09-25 19:59:46]: 读取站点最新时间成功！
[INFO] [2023-09-25 19:59:46]: 读取站点最新时间成功！
[INFO] [2023-09-25 19:59:46]: 读取站点最新时间成功！
[INFO] [2023-09-25 19:59:47]: 读取站点最新时间成功！
[INFO] [2023-09-25 19:59:47]: 读取站点最新时间成功！
[INFO] [2023-09-25 19:59:47]: 读取站点最新时间成功！
[INFO] [2023-09-25 19:59:47]: 读取站点最新时间成功！
[INFO] [2023-09-25 19:59:47]: 读取站点最新时间成功！
[INFO] [2023-09-25 19:59:47]: 读取站点最新时间成功！
[INFO] [2023-09-25 19:59:48]: 读取站点最新时间成功！
[INFO] [2023-09-25 19:59:49]: 读取站点最新时间成功！
[INFO] [2023-09-25 19:59:49]: 读取站点最新时间成功！
[INFO] [2023-09-25 19:59:50]: 读取站点最新时间成功！
[INFO] [2023-09-25 19:59:50]: 读取站点最新时间成功！
[INFO] [2023-09-25 19:59:51]: 读取站点最新时间成功！
[INFO] [2023-09-25 19:59:51]: 读取站点最新时间成功！
[INFO] [2023-09-25 19:59:51]: 读取站点最新时间成功！
[INFO] [2023-09-25 19:59:51]: 读取站点最新时间成功！
[INFO] [2023-09-25 19:59:52]: 读取站点最新时间成功！
[INFO] [2023-09-25 19:59:52]: 读取站点最新时间成功！
[INFO] [2023-09-25 19:59:52]: 读取站点最新时间成功！
[INFO] [2023-09-25 19:59:52]: 读取站点最新时间成功！
[INFO] [2023-09-25 19:59:52]: 读取站点最新时间成功！
[INFO] [2023-09-25 19:59:52]: 读取站点最新时间成功！
[INFO] [2023-09-25 19:59:53]: 读取站点最新时间成功！
[INFO] [2023-09-25 19:59:53]: 读取站点最新时间成功！
[INFO] [2023-09-25 19:59:53]: 读取站点最新时间成功！
[INFO] [2023-09-25 19:59:54]: 读取站点最新时间成功！
[INFO] [2023-09-25 19:59:55]: 读取站点最新时间成功！
[INFO] [2023-09-25 19:59:55]: 读取站点最新时间成功！
[INFO] [2023-09-25 19:59:55]: 读取站点最新时间成功！
[INFO] [2023-09-25 19:59:56]: 读取站点最新时间成功！
[INFO] [2023-09-25 19:59:57]: 读取站点最新时间成功！
[INFO] [2023-09-25 19:59:57]: 读取站点最新时间成功！
[INFO] [2023-09-25 19:59:57]: 读取站点最新时间成功！
[INFO] [2023-09-25 19:59:58]: 读取站点最新时间成功！
[INFO] [2023-09-25 19:59:58]: 读取站点最新时间成功！
[INFO] [2023-09-25 19:59:58]: 读取站点最新时间成功！
[INFO] [2023-09-25 19:59:58]: 读取站点最新时间成功！
[INFO] [2023-09-25 19:59:58]: 读取站点最新时间成功！
[INFO] [2023-09-25 19:59:59]: 读取站点最新时间成功！
[INFO] [2023-09-25 19:59:59]: 读取站点最新时间成功！
[INFO] [2023-09-25 19:59:59]: 读取站点最新时间成功！
[INFO] [2023-09-25 19:59:59]: 读取站点最新时间成功！
[INFO] [2023-09-25 20:00:00]: 读取站点最新时间成功！
[INFO] [2023-09-25 20:00:00]: 读取站点最新时间成功！
[INFO] [2023-09-25 20:00:00]: 读取站点最新时间成功！
[INFO] [2023-09-25 20:00:00]: 读取站点最新时间成功！
[INFO] [2023-09-25 20:00:00]: 读取站点最新时间成功！
[INFO] [2023-09-25 20:00:00]: 读取站点最新时间成功！
[INFO] [2023-09-25 20:00:01]: 读取站点最新时间成功！
[INFO] [2023-09-25 20:00:01]: 读取站点最新时间成功！
[INFO] [2023-09-25 20:00:02]: 读取站点最新时间成功！
[INFO] [2023-09-25 20:00:02]: 读取站点最新时间成功！
[INFO] [2023-09-25 20:00:02]: 读取站点最新时间成功！
[INFO] [2023-09-25 20:00:03]: 读取站点最新时间成功！
[INFO] [2023-09-25 20:00:03]: 读取站点最新时间成功！
[INFO] [2023-09-25 20:00:03]: 读取站点最新时间成功！
[INFO] [2023-09-25 20:00:03]: 读取站点最新时间成功！
[INFO] [2023-09-25 20:00:04]: 读取站点最新时间成功！
[INFO] [2023-09-25 20:00:04]: 读取站点最新时间成功！
[INFO] [2023-09-25 20:00:04]: 读取站点最新时间成功！
[INFO] [2023-09-25 20:00:04]: 读取站点最新时间成功！
[INFO] [2023-09-25 20:00:05]: 读取站点最新时间成功！
[INFO] [2023-09-25 20:00:05]: 读取站点最新时间成功！
[INFO] [2023-09-25 20:00:05]: 读取站点最新时间成功！
[INFO] [2023-09-25 20:00:05]: 读取站点最新时间成功！
[INFO] [2023-09-25 20:00:06]: 读取站点最新时间成功！
[INFO] [2023-09-25 20:00:06]: 读取站点最新时间成功！
[INFO] [2023-09-25 20:00:06]: 读取站点最新时间成功！
[INFO] [2023-09-25 20:00:06]: 读取站点最新时间成功！
[INFO] [2023-09-25 20:00:07]: 读取站点最新时间成功！
[INFO] [2023-09-25 20:00:07]: 读取站点最新时间成功！
[INFO] [2023-09-25 20:00:07]: 读取站点最新时间成功！
[INFO] [2023-09-25 20:00:07]: 读取站点最新时间成功！
[INFO] [2023-09-25 20:00:08]: 读取站点最新时间成功！
[INFO] [2023-09-25 20:00:08]: 读取站点最新时间成功！
[INFO] [2023-09-25 20:00:09]: 读取站点最新时间成功！
[INFO] [2023-09-25 20:00:09]: 读取站点最新时间成功！
[INFO] [2023-09-25 20:00:09]: 读取站点最新时间成功！
[INFO] [2023-09-25 20:00:10]: 读取站点最新时间成功！
[INFO] [2023-09-25 20:00:10]: 读取站点最新时间成功！
[INFO] [2023-09-25 20:00:11]: 读取站点最新时间成功！
[INFO] [2023-09-25 20:00:11]: 读取站点最新时间成功！
[INFO] [2023-09-25 20:00:11]: 读取站点最新时间成功！
[INFO] [2023-09-25 20:00:11]: 读取站点最新时间成功！
[INFO] [2023-09-25 20:00:12]: 读取站点最新时间成功！
[INFO] [2023-09-25 20:00:12]: 读取站点最新时间成功！
[INFO] [2023-09-25 20:00:14]: 读取站点最新时间成功！
[INFO] [2023-09-25 20:00:15]: 读取站点最新时间成功！
[INFO] [2023-09-25 20:00:15]: 读取站点最新时间成功！
[INFO] [2023-09-25 20:00:16]: 读取站点最新时间成功！
[INFO] [2023-09-25 20:00:17]: 读取站点最新时间成功！
[INFO] [2023-09-25 20:00:17]: 读取站点最新时间成功！
[INFO] [2023-09-25 20:00:17]: 读取站点最新时间成功！
[INFO] [2023-09-25 20:00:17]: 读取站点最新时间成功！
[INFO] [2023-09-25 20:00:18]: 读取站点最新时间成功！
[INFO] [2023-09-25 20:00:18]: 读取站点最新时间成功！
[INFO] [2023-09-25 20:00:18]: 读取站点最新时间成功！
[INFO] [2023-09-25 20:00:18]: 读取站点最新时间成功！
[INFO] [2023-09-25 20:00:18]: 读取站点最新时间成功！
[INFO] [2023-09-25 20:00:18]: 读取站点最新时间成功！
[INFO] [2023-09-25 20:00:18]: 读取站点最新时间成功！
[INFO] [2023-09-25 20:00:18]: 读取站点最新时间成功！
[INFO] [2023-09-25 20:00:19]: 读取站点最新时间成功！
[INFO] [2023-09-25 20:00:20]: 读取站点最新时间成功！
[INFO] [2023-09-25 20:00:20]: 读取站点最新时间成功！
[INFO] [2023-09-25 20:00:20]: 读取站点最新时间成功！
[INFO] [2023-09-25 20:00:21]: 读取站点最新时间成功！
[INFO] [2023-09-25 20:00:22]: 读取站点最新时间成功！
[INFO] [2023-09-25 20:00:23]: 读取站点最新时间成功！
[INFO] [2023-09-25 20:00:24]: 读取站点最新时间成功！
[INFO] [2023-09-25 20:00:24]: 读取站点最新时间成功！
[INFO] [2023-09-25 20:00:25]: 读取站点最新时间成功！
[INFO] [2023-09-25 20:00:25]: 读取站点最新时间成功！
[INFO] [2023-09-25 20:00:25]: 读取站点最新时间成功！
[INFO] [2023-09-25 20:00:26]: 读取站点最新时间成功！
[INFO] [2023-09-25 20:00:26]: 读取站点最新时间成功！
[INFO] [2023-09-25 20:00:26]: 读取站点最新时间成功！
[INFO] [2023-09-25 20:00:27]: 读取站点最新时间成功！
[INFO] [2023-09-25 20:00:28]: 读取站点最新时间成功！
[INFO] [2023-09-25 20:00:28]: 读取站点最新时间成功！
[INFO] [2023-09-25 20:00:28]: 读取站点最新时间成功！
[INFO] [2023-09-25 20:00:29]: 读取站点最新时间成功！
[INFO] [2023-09-25 20:00:29]: 读取站点最新时间成功！
[INFO] [2023-09-25 20:00:30]: 读取站点最新时间成功！
[INFO] [2023-09-25 20:00:30]: 读取站点最新时间成功！
[INFO] [2023-09-25 20:00:31]: 读取站点最新时间成功！
[INFO] [2023-09-25 20:00:31]: 读取站点最新时间成功！
[INFO] [2023-09-25 20:00:31]: 读取站点最新时间成功！
[INFO] [2023-09-25 20:00:32]: 读取站点最新时间成功！
[INFO] [2023-09-25 20:00:32]: 读取站点最新时间成功！
[INFO] [2023-09-25 20:00:33]: 读取站点最新时间成功！
[INFO] [2023-09-25 20:00:33]: 读取站点最新时间成功！
[INFO] [2023-09-25 20:00:34]: 读取站点最新时间成功！
[INFO] [2023-09-25 20:00:34]: 读取站点最新时间成功！
[INFO] [2023-09-25 20:00:35]: 读取站点最新时间成功！
[INFO] [2023-09-25 20:00:35]: 读取站点最新时间成功！
[INFO] [2023-09-25 20:00:35]: 读取站点最新时间成功！
[INFO] [2023-09-25 20:00:36]: 读取站点最新时间成功！
[INFO] [2023-09-25 20:00:36]: 读取站点最新时间成功！
[INFO] [2023-09-25 20:00:36]: 读取站点最新时间成功！
[INFO] [2023-09-25 20:00:36]: 读取站点最新时间成功！
[INFO] [2023-09-25 20:00:37]: 读取站点最新时间成功！
[INFO] [2023-09-25 20:00:37]: 读取站点最新时间成功！
[INFO] [2023-09-25 20:00:37]: 读取站点最新时间成功！
[INFO] [2023-09-25 20:00:37]: 读取站点最新时间成功！
[INFO] [2023-09-25 20:00:37]: 读取站点最新时间成功！
[INFO] [2023-09-25 20:00:38]: 读取站点最新时间成功！
[INFO] [2023-09-25 20:00:38]: 读取站点最新时间成功！
[INFO] [2023-09-25 20:00:39]: 读取站点最新时间成功！
[INFO] [2023-09-25 20:00:39]: 读取站点最新时间成功！
[INFO] [2023-09-25 20:00:39]: 读取站点最新时间成功！
[INFO] [2023-09-25 20:00:40]: 读取站点最新时间成功！
[INFO] [2023-09-25 20:00:40]: 读取站点最新时间成功！
[INFO] [2023-09-25 20:00:41]: 读取站点最新时间成功！
[INFO] [2023-09-25 20:00:42]: 读取站点最新时间成功！
[INFO] [2023-09-25 20:00:42]: 读取站点最新时间成功！
[INFO] [2023-09-25 20:00:43]: 读取站点最新时间成功！
[INFO] [2023-09-25 20:00:44]: 读取站点最新时间成功！
[INFO] [2023-09-25 20:00:44]: 读取站点最新时间成功！
[INFO] [2023-09-25 20:00:44]: 读取站点最新时间成功！
[INFO] [2023-09-25 20:00:45]: 读取站点最新时间成功！
[INFO] [2023-09-25 20:00:45]: 读取站点最新时间成功！
[INFO] [2023-09-25 20:00:45]: 读取站点最新时间成功！
[INFO] [2023-09-25 20:00:45]: 读取站点最新时间成功！
[INFO] [2023-09-25 20:00:45]: 读取站点最新时间成功！
[INFO] [2023-09-25 20:00:46]: 读取站点最新时间成功！
[INFO] [2023-09-25 20:00:46]: 读取站点最新时间成功！
[INFO] [2023-09-25 20:00:46]: 读取站点最新时间成功！
[INFO] [2023-09-25 20:00:46]: 读取站点最新时间成功！
[INFO] [2023-09-25 20:00:46]: 读取站点最新时间成功！
[INFO] [2023-09-25 20:00:47]: 读取站点最新时间成功！
[INFO] [2023-09-25 20:00:47]: 读取站点最新时间成功！
[INFO] [2023-09-25 20:00:47]: 读取站点最新时间成功！
[INFO] [2023-09-25 20:00:47]: 读取站点最新时间成功！
[INFO] [2023-09-25 20:00:48]: 读取站点最新时间成功！
[INFO] [2023-09-25 20:00:48]: 读取站点最新时间成功！
[INFO] [2023-09-25 20:00:48]: 读取站点最新时间成功！
[INFO] [2023-09-25 20:00:49]: 读取站点最新时间成功！
[INFO] [2023-09-25 20:00:49]: 读取站点最新时间成功！
[INFO] [2023-09-25 20:00:49]: 读取站点最新时间成功！
[INFO] [2023-09-25 20:00:49]: 读取站点最新时间成功！
[INFO] [2023-09-25 20:00:49]: 读取站点最新时间成功！
[INFO] [2023-09-25 20:00:50]: 读取站点最新时间成功！
[INFO] [2023-09-25 20:00:50]: 读取站点最新时间成功！
[INFO] [2023-09-25 20:00:50]: 读取站点最新时间成功！
[INFO] [2023-09-25 20:00:50]: 读取站点最新时间成功！
[INFO] [2023-09-25 20:00:51]: 读取站点最新时间成功！
[INFO] [2023-09-25 20:00:51]: 读取站点最新时间成功！
[INFO] [2023-09-25 20:00:52]: 读取站点最新时间成功！
[INFO] [2023-09-25 20:00:52]: 读取站点最新时间成功！
[INFO] [2023-09-25 20:00:52]: 读取站点最新时间成功！
[INFO] [2023-09-25 20:00:52]: 读取站点最新时间成功！
[INFO] [2023-09-25 20:00:53]: 读取站点最新时间成功！
[INFO] [2023-09-25 20:00:54]: 读取站点最新时间成功！
[INFO] [2023-09-25 20:00:54]: 读取站点最新时间成功！
[INFO] [2023-09-25 20:00:54]: 读取站点最新时间成功！
[INFO] [2023-09-25 20:00:55]: 读取站点最新时间成功！
[INFO] [2023-09-25 20:00:55]: 读取站点最新时间成功！
[INFO] [2023-09-25 20:00:55]: 读取站点最新时间成功！
[INFO] [2023-09-25 20:00:56]: 读取站点最新时间成功！
[INFO] [2023-09-25 20:00:56]: 读取站点最新时间成功！
[INFO] [2023-09-25 20:00:56]: 读取站点最新时间成功！
[INFO] [2023-09-25 20:00:57]: 读取站点最新时间成功！
[INFO] [2023-09-25 20:00:57]: 读取站点最新时间成功！
[INFO] [2023-09-25 20:00:57]: 读取站点最新时间成功！
[INFO] [2023-09-25 20:00:57]: 读取站点最新时间成功！
[INFO] [2023-09-25 20:00:57]: 读取站点最新时间成功！
[INFO] [2023-09-25 20:00:58]: 读取站点最新时间成功！
[INFO] [2023-09-25 20:00:58]: 读取站点最新时间成功！
[INFO] [2023-09-25 20:00:59]: 读取站点最新时间成功！
[INFO] [2023-09-25 20:00:59]: 读取站点最新时间成功！
[INFO] [2023-09-25 20:00:59]: 读取站点最新时间成功！
[INFO] [2023-09-25 20:00:59]: 读取站点最新时间成功！
[INFO] [2023-09-25 20:01:00]: 读取站点最新时间成功！
[INFO] [2023-09-25 20:01:00]: 读取站点最新时间成功！
[INFO] [2023-09-25 20:01:00]: 读取站点最新时间成功！
[INFO] [2023-09-25 20:01:00]: 读取站点最新时间成功！
[INFO] [2023-09-25 20:01:00]: 读取站点最新时间成功！
[INFO] [2023-09-25 20:01:01]: 读取站点最新时间成功！
[INFO] [2023-09-25 20:01:01]: 读取站点最新时间成功！
[INFO] [2023-09-25 20:01:01]: 读取站点最新时间成功！
[INFO] [2023-09-25 20:01:01]: 读取站点最新时间成功！
[INFO] [2023-09-25 20:01:01]: 读取站点最新时间成功！
[INFO] [2023-09-25 20:01:02]: 读取站点最新时间成功！
[INFO] [2023-09-25 20:01:02]: 读取站点最新时间成功！
[INFO] [2023-09-25 20:01:02]: 读取站点最新时间成功！
[INFO] [2023-09-25 20:01:02]: 读取站点最新时间成功！
[INFO] [2023-09-25 20:01:03]: 读取站点最新时间成功！
[INFO] [2023-09-25 20:01:03]: 读取站点最新时间成功！
[INFO] [2023-09-25 20:01:03]: 读取站点最新时间成功！
[INFO] [2023-09-25 20:01:04]: 读取站点最新时间成功！
[INFO] [2023-09-25 20:01:04]: 读取站点最新时间成功！
[INFO] [2023-09-25 20:01:04]: 读取站点最新时间成功！
[INFO] [2023-09-25 20:01:05]: 读取站点最新时间成功！
[INFO] [2023-09-25 20:01:05]: 读取站点最新时间成功！
[INFO] [2023-09-25 20:01:05]: 读取站点最新时间成功！
[INFO] [2023-09-25 20:01:05]: 读取站点最新时间成功！
[INFO] [2023-09-25 20:01:05]: 读取站点最新时间成功！
[INFO] [2023-09-25 20:01:05]: 读取站点最新时间成功！
[INFO] [2023-09-25 20:01:06]: 读取站点最新时间成功！
[INFO] [2023-09-25 20:01:06]: 读取站点最新时间成功！
[INFO] [2023-09-25 20:01:06]: 读取站点最新时间成功！
[INFO] [2023-09-25 20:01:06]: 读取站点最新时间成功！
[INFO] [2023-09-25 20:01:06]: 读取站点最新时间成功！
[INFO] [2023-09-25 20:01:07]: 读取站点最新时间成功！
[INFO] [2023-09-25 20:01:07]: 读取站点最新时间成功！
[INFO] [2023-09-25 20:01:07]: 读取站点最新时间成功！
[INFO] [2023-09-25 20:01:07]: 读取站点最新时间成功！
[INFO] [2023-09-25 20:01:07]: 读取站点最新时间成功！
[INFO] [2023-09-25 20:01:07]: 读取站点最新时间成功！
[INFO] [2023-09-25 20:01:08]: 读取站点最新时间成功！
[INFO] [2023-09-25 20:01:08]: 读取站点最新时间成功！
[INFO] [2023-09-25 20:01:08]: 读取站点最新时间成功！
[INFO] [2023-09-25 20:01:08]: 读取站点最新时间成功！
[INFO] [2023-09-25 20:01:08]: 读取站点最新时间成功！
[INFO] [2023-09-25 20:01:08]: 读取站点最新时间成功！
[INFO] [2023-09-25 20:01:08]: 读取站点最新时间成功！
[INFO] [2023-09-25 20:01:09]: 读取站点最新时间成功！
[INFO] [2023-09-25 20:01:09]: 读取站点最新时间成功！
[INFO] [2023-09-25 20:01:09]: 读取站点最新时间成功！
[INFO] [2023-09-25 20:01:09]: 读取站点最新时间成功！
[INFO] [2023-09-25 20:01:09]: 读取站点最新时间成功！
[INFO] [2023-09-25 20:01:10]: 读取站点最新时间成功！
[INFO] [2023-09-25 20:01:10]: 读取站点最新时间成功！
[INFO] [2023-09-25 20:01:11]: 读取站点最新时间成功！
[INFO] [2023-09-25 20:01:12]: 读取站点最新时间成功！
[INFO] [2023-09-25 20:01:13]: 读取站点最新时间成功！
[INFO] [2023-09-25 20:01:13]: 删除最新时间成功
[INFO] [2023-09-25 20:01:34]: 更新站点最新时间成功
[INFO] [2023-09-25 20:03:03]: 删除最新时间成功
[INFO] [2023-09-25 20:03:03]: 更新站点最新时间成功
[INFO] [2023-09-25 20:04:13]: 删除最新时间成功
[INFO] [2023-09-25 20:04:40]: 删除最新时间成功
[INFO] [2023-09-25 20:04:40]: 更新站点最新时间成功
[INFO] [2023-09-25 20:05:04]: 删除最新时间成功
[INFO] [2023-09-25 20:05:04]: 更新站点最新时间成功
[INFO] [2023-09-25 20:05:34]: 更新站点最新时间成功
[INFO] [2023-09-25 20:06:59]: 删除最新时间成功
[INFO] [2023-09-25 20:06:59]: 更新站点最新时间成功
[INFO] [2023-09-25 20:07:33]: 删除最新时间成功
[INFO] [2023-09-25 20:07:39]: 更新站点最新时间成功
[INFO] [2023-09-25 21:43:08]: 删除最新时间成功
[INFO] [2023-09-25 21:43:08]: 更新站点最新时间成功
[INFO] [2023-09-25 21:44:00]: 读取不同的设备编号成功！
[INFO] [2023-09-25 21:44:00]: 读取站点最新时间成功！
[INFO] [2023-09-25 21:44:01]: 读取站点最新时间成功！
[INFO] [2023-09-25 21:44:01]: 读取站点最新时间成功！
[INFO] [2023-09-25 21:44:01]: 读取站点最新时间成功！
[INFO] [2023-09-25 21:44:01]: 读取站点最新时间成功！
[INFO] [2023-09-25 21:44:01]: 读取站点最新时间成功！
[INFO] [2023-09-25 21:44:02]: 读取站点最新时间成功！
[INFO] [2023-09-25 21:44:02]: 读取站点最新时间成功！
[INFO] [2023-09-25 21:44:02]: 读取站点最新时间成功！
[INFO] [2023-09-25 21:44:02]: 读取站点最新时间成功！
[INFO] [2023-09-25 21:44:03]: 读取站点最新时间成功！
[INFO] [2023-09-25 21:44:03]: 读取站点最新时间成功！
[INFO] [2023-09-25 21:44:03]: 读取站点最新时间成功！
[INFO] [2023-09-25 21:44:03]: 读取站点最新时间成功！
[INFO] [2023-09-25 21:44:03]: 读取站点最新时间成功！
[INFO] [2023-09-25 21:44:04]: 读取站点最新时间成功！
[INFO] [2023-09-25 21:44:04]: 读取站点最新时间成功！
[INFO] [2023-09-25 21:44:04]: 读取站点最新时间成功！
[INFO] [2023-09-25 21:44:04]: 读取站点最新时间成功！
[INFO] [2023-09-25 21:44:04]: 读取站点最新时间成功！
[INFO] [2023-09-25 21:44:05]: 读取站点最新时间成功！
[INFO] [2023-09-25 21:44:05]: 读取站点最新时间成功！
[INFO] [2023-09-25 21:44:05]: 读取站点最新时间成功！
[INFO] [2023-09-25 21:44:05]: 读取站点最新时间成功！
[INFO] [2023-09-25 21:44:06]: 读取站点最新时间成功！
[INFO] [2023-09-25 21:44:06]: 读取站点最新时间成功！
[INFO] [2023-09-25 21:44:06]: 读取站点最新时间成功！
[INFO] [2023-09-25 21:44:06]: 读取站点最新时间成功！
[INFO] [2023-09-25 21:44:06]: 读取站点最新时间成功！
[INFO] [2023-09-25 21:44:07]: 读取站点最新时间成功！
[INFO] [2023-09-25 21:44:07]: 读取站点最新时间成功！
[INFO] [2023-09-25 21:44:07]: 读取站点最新时间成功！
[INFO] [2023-09-25 21:44:07]: 读取站点最新时间成功！
[INFO] [2023-09-25 21:44:07]: 读取站点最新时间成功！
[INFO] [2023-09-25 21:44:08]: 读取站点最新时间成功！
[INFO] [2023-09-25 21:44:08]: 读取站点最新时间成功！
[INFO] [2023-09-25 21:44:08]: 读取站点最新时间成功！
[INFO] [2023-09-25 21:44:08]: 读取站点最新时间成功！
[INFO] [2023-09-25 21:44:09]: 读取站点最新时间成功！
[INFO] [2023-09-25 21:44:09]: 读取站点最新时间成功！
[INFO] [2023-09-25 21:44:09]: 读取站点最新时间成功！
[INFO] [2023-09-25 21:44:09]: 读取站点最新时间成功！
[INFO] [2023-09-25 21:44:09]: 读取站点最新时间成功！
[INFO] [2023-09-25 21:44:10]: 读取站点最新时间成功！
[INFO] [2023-09-25 21:44:10]: 读取站点最新时间成功！
[INFO] [2023-09-25 21:44:10]: 读取站点最新时间成功！
[INFO] [2023-09-25 21:44:10]: 读取站点最新时间成功！
[INFO] [2023-09-25 21:44:10]: 读取站点最新时间成功！
[INFO] [2023-09-25 21:44:11]: 读取站点最新时间成功！
[INFO] [2023-09-25 21:44:11]: 读取站点最新时间成功！
[INFO] [2023-09-25 21:44:11]: 读取站点最新时间成功！
[INFO] [2023-09-25 21:44:11]: 读取站点最新时间成功！
[INFO] [2023-09-25 21:44:11]: 读取站点最新时间成功！
[INFO] [2023-09-25 21:44:12]: 读取站点最新时间成功！
[INFO] [2023-09-25 21:44:12]: 读取站点最新时间成功！
[INFO] [2023-09-25 21:44:12]: 读取站点最新时间成功！
[INFO] [2023-09-25 21:44:12]: 读取站点最新时间成功！
[INFO] [2023-09-25 21:44:12]: 读取站点最新时间成功！
[INFO] [2023-09-25 21:44:13]: 读取站点最新时间成功！
[INFO] [2023-09-25 21:44:13]: 读取站点最新时间成功！
[INFO] [2023-09-25 21:44:13]: 读取站点最新时间成功！
[INFO] [2023-09-25 21:44:13]: 读取站点最新时间成功！
[INFO] [2023-09-25 21:44:14]: 读取站点最新时间成功！
[INFO] [2023-09-25 21:44:14]: 读取站点最新时间成功！
[INFO] [2023-09-25 21:44:14]: 读取站点最新时间成功！
[INFO] [2023-09-25 21:44:14]: 读取站点最新时间成功！
[INFO] [2023-09-25 21:44:14]: 读取站点最新时间成功！
[INFO] [2023-09-25 21:44:15]: 读取站点最新时间成功！
[INFO] [2023-09-25 21:44:15]: 读取站点最新时间成功！
[INFO] [2023-09-25 21:44:15]: 读取站点最新时间成功！
[INFO] [2023-09-25 21:44:15]: 读取站点最新时间成功！
[INFO] [2023-09-25 21:44:15]: 读取站点最新时间成功！
[INFO] [2023-09-25 21:44:16]: 读取站点最新时间成功！
[INFO] [2023-09-25 21:44:16]: 读取站点最新时间成功！
[INFO] [2023-09-25 21:44:16]: 读取站点最新时间成功！
[INFO] [2023-09-25 21:44:16]: 读取站点最新时间成功！
[INFO] [2023-09-25 21:44:17]: 读取站点最新时间成功！
[INFO] [2023-09-25 21:44:17]: 读取站点最新时间成功！
[INFO] [2023-09-25 21:44:17]: 读取站点最新时间成功！
[INFO] [2023-09-25 21:44:17]: 读取站点最新时间成功！
[INFO] [2023-09-25 21:44:17]: 读取站点最新时间成功！
[INFO] [2023-09-25 21:44:18]: 读取站点最新时间成功！
[INFO] [2023-09-25 21:44:18]: 读取站点最新时间成功！
[INFO] [2023-09-25 21:44:18]: 读取站点最新时间成功！
[INFO] [2023-09-25 21:44:18]: 读取站点最新时间成功！
[INFO] [2023-09-25 21:44:18]: 读取站点最新时间成功！
[INFO] [2023-09-25 21:44:19]: 读取站点最新时间成功！
[INFO] [2023-09-25 21:44:19]: 读取站点最新时间成功！
[INFO] [2023-09-25 21:44:19]: 读取站点最新时间成功！
[INFO] [2023-09-25 21:44:19]: 读取站点最新时间成功！
[INFO] [2023-09-25 21:44:19]: 读取站点最新时间成功！
[INFO] [2023-09-25 21:44:20]: 读取站点最新时间成功！
[INFO] [2023-09-25 21:44:20]: 读取站点最新时间成功！
[INFO] [2023-09-25 21:44:20]: 读取站点最新时间成功！
[INFO] [2023-09-25 21:44:20]: 读取站点最新时间成功！
[INFO] [2023-09-25 21:44:21]: 读取站点最新时间成功！
[INFO] [2023-09-25 21:44:21]: 读取站点最新时间成功！
[INFO] [2023-09-25 21:44:21]: 读取站点最新时间成功！
[INFO] [2023-09-25 21:44:21]: 读取站点最新时间成功！
[INFO] [2023-09-25 21:44:21]: 读取站点最新时间成功！
[INFO] [2023-09-25 21:44:22]: 读取站点最新时间成功！
[INFO] [2023-09-25 21:44:22]: 读取站点最新时间成功！
[INFO] [2023-09-25 21:44:22]: 读取站点最新时间成功！
[INFO] [2023-09-25 21:44:22]: 读取站点最新时间成功！
[INFO] [2023-09-25 21:44:22]: 读取站点最新时间成功！
[INFO] [2023-09-25 21:44:23]: 读取站点最新时间成功！
[INFO] [2023-09-25 21:44:23]: 读取站点最新时间成功！
[INFO] [2023-09-25 21:44:23]: 读取站点最新时间成功！
[INFO] [2023-09-25 21:44:23]: 读取站点最新时间成功！
[INFO] [2023-09-25 21:44:23]: 读取站点最新时间成功！
[INFO] [2023-09-25 21:44:24]: 读取站点最新时间成功！
[INFO] [2023-09-25 21:44:24]: 读取站点最新时间成功！
[INFO] [2023-09-25 21:44:24]: 读取站点最新时间成功！
[INFO] [2023-09-25 21:44:24]: 读取站点最新时间成功！
[INFO] [2023-09-25 21:44:24]: 读取站点最新时间成功！
[INFO] [2023-09-25 21:44:25]: 读取站点最新时间成功！
[INFO] [2023-09-25 21:44:25]: 读取站点最新时间成功！
[INFO] [2023-09-25 21:44:25]: 读取站点最新时间成功！
[INFO] [2023-09-25 21:44:25]: 读取站点最新时间成功！
[INFO] [2023-09-25 21:44:25]: 读取站点最新时间成功！
[INFO] [2023-09-25 21:44:26]: 读取站点最新时间成功！
[INFO] [2023-09-25 21:44:26]: 读取站点最新时间成功！
[INFO] [2023-09-25 21:44:26]: 读取站点最新时间成功！
[INFO] [2023-09-25 21:44:26]: 读取站点最新时间成功！
[INFO] [2023-09-25 21:44:27]: 读取站点最新时间成功！
[INFO] [2023-09-25 21:44:27]: 读取站点最新时间成功！
[INFO] [2023-09-25 21:44:27]: 读取站点最新时间成功！
[INFO] [2023-09-25 21:44:27]: 读取站点最新时间成功！
[INFO] [2023-09-25 21:44:27]: 读取站点最新时间成功！
[INFO] [2023-09-25 21:44:28]: 读取站点最新时间成功！
[INFO] [2023-09-25 21:44:28]: 读取站点最新时间成功！
[INFO] [2023-09-25 21:44:28]: 读取站点最新时间成功！
[INFO] [2023-09-25 21:44:28]: 读取站点最新时间成功！
[INFO] [2023-09-25 21:44:29]: 读取站点最新时间成功！
[INFO] [2023-09-25 21:44:29]: 读取站点最新时间成功！
[INFO] [2023-09-25 21:44:29]: 读取站点最新时间成功！
[INFO] [2023-09-25 21:44:29]: 读取站点最新时间成功！
[INFO] [2023-09-25 21:44:29]: 读取站点最新时间成功！
[INFO] [2023-09-25 21:44:30]: 读取站点最新时间成功！
[INFO] [2023-09-25 21:44:30]: 读取站点最新时间成功！
[INFO] [2023-09-25 21:44:30]: 读取站点最新时间成功！
[INFO] [2023-09-25 21:44:30]: 读取站点最新时间成功！
[INFO] [2023-09-25 21:44:30]: 读取站点最新时间成功！
[INFO] [2023-09-25 21:44:31]: 读取站点最新时间成功！
[INFO] [2023-09-25 21:44:31]: 读取站点最新时间成功！
[INFO] [2023-09-25 21:44:31]: 读取站点最新时间成功！
[INFO] [2023-09-25 21:44:31]: 读取站点最新时间成功！
[INFO] [2023-09-25 21:44:32]: 读取站点最新时间成功！
[INFO] [2023-09-25 21:44:32]: 读取站点最新时间成功！
[INFO] [2023-09-25 21:44:32]: 读取站点最新时间成功！
[INFO] [2023-09-25 21:44:32]: 读取站点最新时间成功！
[INFO] [2023-09-25 21:44:32]: 读取站点最新时间成功！
[INFO] [2023-09-25 21:44:33]: 读取站点最新时间成功！
[INFO] [2023-09-25 21:44:33]: 读取站点最新时间成功！
[INFO] [2023-09-25 21:44:33]: 读取站点最新时间成功！
[INFO] [2023-09-25 21:44:33]: 读取站点最新时间成功！
[INFO] [2023-09-25 21:44:33]: 读取站点最新时间成功！
[INFO] [2023-09-25 21:44:34]: 读取站点最新时间成功！
[INFO] [2023-09-25 21:44:34]: 读取站点最新时间成功！
[INFO] [2023-09-25 21:44:34]: 读取站点最新时间成功！
[INFO] [2023-09-25 21:44:34]: 读取站点最新时间成功！
[INFO] [2023-09-25 21:44:34]: 读取站点最新时间成功！
[INFO] [2023-09-25 21:44:35]: 读取站点最新时间成功！
[INFO] [2023-09-25 21:44:35]: 读取站点最新时间成功！
[INFO] [2023-09-25 21:44:35]: 读取站点最新时间成功！
[INFO] [2023-09-25 21:44:35]: 读取站点最新时间成功！
[INFO] [2023-09-25 21:44:35]: 读取站点最新时间成功！
[INFO] [2023-09-25 21:44:36]: 读取站点最新时间成功！
[INFO] [2023-09-25 21:44:36]: 读取站点最新时间成功！
[INFO] [2023-09-25 21:44:36]: 读取站点最新时间成功！
[INFO] [2023-09-25 21:44:36]: 读取站点最新时间成功！
[INFO] [2023-09-25 21:44:36]: 读取站点最新时间成功！
[INFO] [2023-09-25 21:44:37]: 读取站点最新时间成功！
[INFO] [2023-09-25 21:44:37]: 读取站点最新时间成功！
[INFO] [2023-09-25 21:44:37]: 读取站点最新时间成功！
[INFO] [2023-09-25 21:44:37]: 读取站点最新时间成功！
[INFO] [2023-09-25 21:44:38]: 读取站点最新时间成功！
[INFO] [2023-09-25 21:44:38]: 读取站点最新时间成功！
[INFO] [2023-09-25 21:44:38]: 读取站点最新时间成功！
[INFO] [2023-09-25 21:44:38]: 读取站点最新时间成功！
[INFO] [2023-09-25 21:44:38]: 读取站点最新时间成功！
[INFO] [2023-09-25 21:44:39]: 读取站点最新时间成功！
[INFO] [2023-09-25 21:44:39]: 读取站点最新时间成功！
[INFO] [2023-09-25 21:44:39]: 读取站点最新时间成功！
[INFO] [2023-09-25 21:44:39]: 读取站点最新时间成功！
[INFO] [2023-09-25 21:44:39]: 读取站点最新时间成功！
[INFO] [2023-09-25 21:44:40]: 读取站点最新时间成功！
[INFO] [2023-09-25 21:44:40]: 读取站点最新时间成功！
[INFO] [2023-09-25 21:44:40]: 读取站点最新时间成功！
[INFO] [2023-09-25 21:44:40]: 读取站点最新时间成功！
[INFO] [2023-09-25 21:44:40]: 读取站点最新时间成功！
[INFO] [2023-09-25 21:44:41]: 读取站点最新时间成功！
[INFO] [2023-09-25 21:44:41]: 读取站点最新时间成功！
[INFO] [2023-09-25 21:44:41]: 读取站点最新时间成功！
[INFO] [2023-09-25 21:44:41]: 读取站点最新时间成功！
[INFO] [2023-09-25 21:44:41]: 读取站点最新时间成功！
[INFO] [2023-09-25 21:44:42]: 读取站点最新时间成功！
[INFO] [2023-09-25 21:44:42]: 读取站点最新时间成功！
[INFO] [2023-09-25 21:44:42]: 读取站点最新时间成功！
[INFO] [2023-09-25 21:44:42]: 读取站点最新时间成功！
[INFO] [2023-09-25 21:44:42]: 读取站点最新时间成功！
[INFO] [2023-09-25 21:44:43]: 读取站点最新时间成功！
[INFO] [2023-09-25 21:44:43]: 读取站点最新时间成功！
[INFO] [2023-09-25 21:44:43]: 读取站点最新时间成功！
[INFO] [2023-09-25 21:44:43]: 读取站点最新时间成功！
[INFO] [2023-09-25 21:44:43]: 读取站点最新时间成功！
[INFO] [2023-09-25 21:44:44]: 读取站点最新时间成功！
[INFO] [2023-09-25 21:44:44]: 读取站点最新时间成功！
[INFO] [2023-09-25 21:44:44]: 读取站点最新时间成功！
[INFO] [2023-09-25 21:44:44]: 读取站点最新时间成功！
[INFO] [2023-09-25 21:44:45]: 读取站点最新时间成功！
[INFO] [2023-09-25 21:44:45]: 读取站点最新时间成功！
[INFO] [2023-09-25 21:44:45]: 读取站点最新时间成功！
[INFO] [2023-09-25 21:44:45]: 读取站点最新时间成功！
[INFO] [2023-09-25 21:44:45]: 读取站点最新时间成功！
[INFO] [2023-09-25 21:44:46]: 读取站点最新时间成功！
[INFO] [2023-09-25 21:44:46]: 读取站点最新时间成功！
[INFO] [2023-09-25 21:44:46]: 读取站点最新时间成功！
[INFO] [2023-09-25 21:44:46]: 读取站点最新时间成功！
[INFO] [2023-09-25 21:44:47]: 读取站点最新时间成功！
[INFO] [2023-09-25 21:44:47]: 读取站点最新时间成功！
[INFO] [2023-09-25 21:44:47]: 读取站点最新时间成功！
[INFO] [2023-09-25 21:44:47]: 读取站点最新时间成功！
[INFO] [2023-09-25 21:44:47]: 读取站点最新时间成功！
[INFO] [2023-09-25 21:44:48]: 读取站点最新时间成功！
[INFO] [2023-09-25 21:44:48]: 读取站点最新时间成功！
[INFO] [2023-09-25 21:44:48]: 读取站点最新时间成功！
[INFO] [2023-09-25 21:44:48]: 读取站点最新时间成功！
[INFO] [2023-09-25 21:44:49]: 读取站点最新时间成功！
[INFO] [2023-09-25 21:44:49]: 读取站点最新时间成功！
[INFO] [2023-09-25 21:44:49]: 读取站点最新时间成功！
[INFO] [2023-09-25 21:44:49]: 读取站点最新时间成功！
[INFO] [2023-09-25 21:44:49]: 读取站点最新时间成功！
[INFO] [2023-09-25 21:44:50]: 读取站点最新时间成功！
[INFO] [2023-09-25 21:44:50]: 读取站点最新时间成功！
[INFO] [2023-09-25 21:44:50]: 读取站点最新时间成功！
[INFO] [2023-09-25 21:44:50]: 读取站点最新时间成功！
[INFO] [2023-09-25 21:44:50]: 读取站点最新时间成功！
[INFO] [2023-09-25 21:44:51]: 读取站点最新时间成功！
[INFO] [2023-09-25 21:44:51]: 读取站点最新时间成功！
[INFO] [2023-09-25 21:44:51]: 读取站点最新时间成功！
[INFO] [2023-09-25 21:44:51]: 读取站点最新时间成功！
[INFO] [2023-09-25 21:44:51]: 读取站点最新时间成功！
[INFO] [2023-09-25 21:44:52]: 读取站点最新时间成功！
[INFO] [2023-09-25 21:44:52]: 读取站点最新时间成功！
[INFO] [2023-09-25 21:44:52]: 读取站点最新时间成功！
[INFO] [2023-09-25 21:44:52]: 读取站点最新时间成功！
[INFO] [2023-09-25 21:44:52]: 读取站点最新时间成功！
[INFO] [2023-09-25 21:44:53]: 读取站点最新时间成功！
[INFO] [2023-09-25 21:44:53]: 读取站点最新时间成功！
[INFO] [2023-09-25 21:44:53]: 读取站点最新时间成功！
[INFO] [2023-09-25 21:44:53]: 读取站点最新时间成功！
[INFO] [2023-09-25 21:44:53]: 读取站点最新时间成功！
[INFO] [2023-09-25 21:44:53]: 删除最新时间成功
[INFO] [2023-09-25 21:44:53]: 更新站点最新时间成功
